{"/home/memekyu/code/lifeupidleextension/src/game/engine.test.ts": {"path":"/home/memekyu/code/lifeupidleextension/src/game/engine.test.ts","all":false,"statementMap":{"0":{"start":{"line":1,"column":0},"end":{"line":1,"column":62}},"1":{"start":{"line":2,"column":0},"end":{"line":2,"column":39}},"13":{"start":{"line":14,"column":0},"end":{"line":14,"column":18}},"15":{"start":{"line":16,"column":0},"end":{"line":16,"column":33}},"16":{"start":{"line":17,"column":0},"end":{"line":17,"column":50}},"17":{"start":{"line":18,"column":0},"end":{"line":18,"column":1}},"19":{"start":{"line":20,"column":0},"end":{"line":20,"column":26}},"20":{"start":{"line":21,"column":0},"end":{"line":21,"column":20}},"21":{"start":{"line":22,"column":0},"end":{"line":22,"column":25}},"22":{"start":{"line":23,"column":0},"end":{"line":23,"column":5}},"24":{"start":{"line":25,"column":0},"end":{"line":25,"column":78}},"25":{"start":{"line":26,"column":0},"end":{"line":26,"column":34}},"26":{"start":{"line":27,"column":0},"end":{"line":27,"column":47}},"28":{"start":{"line":29,"column":0},"end":{"line":29,"column":30}},"29":{"start":{"line":30,"column":0},"end":{"line":30,"column":28}},"30":{"start":{"line":31,"column":0},"end":{"line":31,"column":22}},"31":{"start":{"line":32,"column":0},"end":{"line":32,"column":7}},"32":{"start":{"line":33,"column":0},"end":{"line":33,"column":27}},"33":{"start":{"line":34,"column":0},"end":{"line":34,"column":29}},"34":{"start":{"line":35,"column":0},"end":{"line":35,"column":17}},"35":{"start":{"line":36,"column":0},"end":{"line":36,"column":21}},"36":{"start":{"line":37,"column":0},"end":{"line":37,"column":21}},"37":{"start":{"line":38,"column":0},"end":{"line":38,"column":25}},"38":{"start":{"line":39,"column":0},"end":{"line":39,"column":25}},"39":{"start":{"line":40,"column":0},"end":{"line":40,"column":18}},"40":{"start":{"line":41,"column":0},"end":{"line":41,"column":11}},"41":{"start":{"line":42,"column":0},"end":{"line":42,"column":43}},"42":{"start":{"line":43,"column":0},"end":{"line":43,"column":36}},"43":{"start":{"line":44,"column":0},"end":{"line":44,"column":12}},"44":{"start":{"line":45,"column":0},"end":{"line":45,"column":10}},"45":{"start":{"line":46,"column":0},"end":{"line":46,"column":8}},"46":{"start":{"line":47,"column":0},"end":{"line":47,"column":6}},"47":{"start":{"line":48,"column":0},"end":{"line":48,"column":30}},"48":{"start":{"line":49,"column":0},"end":{"line":49,"column":33}},"49":{"start":{"line":50,"column":0},"end":{"line":50,"column":40}},"50":{"start":{"line":51,"column":0},"end":{"line":51,"column":6}},"52":{"start":{"line":53,"column":0},"end":{"line":53,"column":52}},"53":{"start":{"line":54,"column":0},"end":{"line":54,"column":5}},"55":{"start":{"line":56,"column":0},"end":{"line":56,"column":68}},"56":{"start":{"line":57,"column":0},"end":{"line":57,"column":30}},"57":{"start":{"line":58,"column":0},"end":{"line":58,"column":28}},"58":{"start":{"line":59,"column":0},"end":{"line":59,"column":29}},"60":{"start":{"line":61,"column":0},"end":{"line":61,"column":28}},"62":{"start":{"line":63,"column":0},"end":{"line":63,"column":52}},"63":{"start":{"line":64,"column":0},"end":{"line":64,"column":5}},"65":{"start":{"line":66,"column":0},"end":{"line":66,"column":67}},"66":{"start":{"line":67,"column":0},"end":{"line":67,"column":51}},"68":{"start":{"line":69,"column":0},"end":{"line":69,"column":36}},"69":{"start":{"line":70,"column":0},"end":{"line":70,"column":5}},"71":{"start":{"line":72,"column":0},"end":{"line":72,"column":70}},"72":{"start":{"line":73,"column":0},"end":{"line":73,"column":30}},"73":{"start":{"line":74,"column":0},"end":{"line":74,"column":74}},"75":{"start":{"line":76,"column":0},"end":{"line":76,"column":50}},"77":{"start":{"line":78,"column":0},"end":{"line":78,"column":43}},"78":{"start":{"line":79,"column":0},"end":{"line":79,"column":39}},"79":{"start":{"line":80,"column":0},"end":{"line":80,"column":22}},"80":{"start":{"line":81,"column":0},"end":{"line":81,"column":28}},"81":{"start":{"line":82,"column":0},"end":{"line":82,"column":18}},"82":{"start":{"line":83,"column":0},"end":{"line":83,"column":15}},"83":{"start":{"line":84,"column":0},"end":{"line":84,"column":7}},"84":{"start":{"line":85,"column":0},"end":{"line":85,"column":5}},"86":{"start":{"line":87,"column":0},"end":{"line":87,"column":69}},"87":{"start":{"line":88,"column":0},"end":{"line":88,"column":34}},"88":{"start":{"line":89,"column":0},"end":{"line":89,"column":47}},"90":{"start":{"line":91,"column":0},"end":{"line":91,"column":30}},"91":{"start":{"line":92,"column":0},"end":{"line":92,"column":23}},"92":{"start":{"line":93,"column":0},"end":{"line":93,"column":7}},"93":{"start":{"line":94,"column":0},"end":{"line":94,"column":24}},"94":{"start":{"line":95,"column":0},"end":{"line":95,"column":30}},"95":{"start":{"line":96,"column":0},"end":{"line":96,"column":20}},"96":{"start":{"line":97,"column":0},"end":{"line":97,"column":17}},"97":{"start":{"line":98,"column":0},"end":{"line":98,"column":8}},"98":{"start":{"line":99,"column":0},"end":{"line":99,"column":6}},"100":{"start":{"line":101,"column":0},"end":{"line":101,"column":46}},"102":{"start":{"line":103,"column":0},"end":{"line":103,"column":43}},"103":{"start":{"line":104,"column":0},"end":{"line":104,"column":67}},"104":{"start":{"line":105,"column":0},"end":{"line":105,"column":61}},"105":{"start":{"line":106,"column":0},"end":{"line":106,"column":27}},"106":{"start":{"line":107,"column":0},"end":{"line":107,"column":6}},"107":{"start":{"line":108,"column":0},"end":{"line":108,"column":5}},"109":{"start":{"line":110,"column":0},"end":{"line":110,"column":69}},"110":{"start":{"line":111,"column":0},"end":{"line":111,"column":30}},"111":{"start":{"line":112,"column":0},"end":{"line":112,"column":23}},"112":{"start":{"line":113,"column":0},"end":{"line":113,"column":7}},"113":{"start":{"line":114,"column":0},"end":{"line":114,"column":22}},"114":{"start":{"line":115,"column":0},"end":{"line":115,"column":25}},"115":{"start":{"line":116,"column":0},"end":{"line":116,"column":20}},"116":{"start":{"line":117,"column":0},"end":{"line":117,"column":17}},"117":{"start":{"line":118,"column":0},"end":{"line":118,"column":8}},"118":{"start":{"line":119,"column":0},"end":{"line":119,"column":7}},"119":{"start":{"line":120,"column":0},"end":{"line":120,"column":22}},"120":{"start":{"line":121,"column":0},"end":{"line":121,"column":27}},"121":{"start":{"line":122,"column":0},"end":{"line":122,"column":20}},"122":{"start":{"line":123,"column":0},"end":{"line":123,"column":17}},"123":{"start":{"line":124,"column":0},"end":{"line":124,"column":8}},"124":{"start":{"line":125,"column":0},"end":{"line":125,"column":6}},"126":{"start":{"line":127,"column":0},"end":{"line":127,"column":49}},"127":{"start":{"line":128,"column":0},"end":{"line":128,"column":54}},"129":{"start":{"line":130,"column":0},"end":{"line":130,"column":58}},"130":{"start":{"line":131,"column":0},"end":{"line":131,"column":59}},"131":{"start":{"line":132,"column":0},"end":{"line":132,"column":5}},"133":{"start":{"line":134,"column":0},"end":{"line":134,"column":61}},"134":{"start":{"line":135,"column":0},"end":{"line":135,"column":30}},"135":{"start":{"line":136,"column":0},"end":{"line":136,"column":23}},"136":{"start":{"line":137,"column":0},"end":{"line":137,"column":7}},"137":{"start":{"line":138,"column":0},"end":{"line":138,"column":27}},"138":{"start":{"line":139,"column":0},"end":{"line":139,"column":35}},"139":{"start":{"line":140,"column":0},"end":{"line":140,"column":20}},"140":{"start":{"line":141,"column":0},"end":{"line":141,"column":17}},"141":{"start":{"line":142,"column":0},"end":{"line":142,"column":8}},"142":{"start":{"line":143,"column":0},"end":{"line":143,"column":6}},"144":{"start":{"line":145,"column":0},"end":{"line":145,"column":49}},"146":{"start":{"line":147,"column":0},"end":{"line":147,"column":43}},"147":{"start":{"line":148,"column":0},"end":{"line":148,"column":5}},"149":{"start":{"line":150,"column":0},"end":{"line":150,"column":63}},"150":{"start":{"line":151,"column":0},"end":{"line":151,"column":30}},"151":{"start":{"line":152,"column":0},"end":{"line":152,"column":31}},"152":{"start":{"line":153,"column":0},"end":{"line":153,"column":23}},"153":{"start":{"line":154,"column":0},"end":{"line":154,"column":7}},"154":{"start":{"line":155,"column":0},"end":{"line":155,"column":23}},"155":{"start":{"line":156,"column":0},"end":{"line":156,"column":26}},"156":{"start":{"line":157,"column":0},"end":{"line":157,"column":20}},"157":{"start":{"line":158,"column":0},"end":{"line":158,"column":17}},"158":{"start":{"line":159,"column":0},"end":{"line":159,"column":8}},"159":{"start":{"line":160,"column":0},"end":{"line":160,"column":6}},"161":{"start":{"line":162,"column":0},"end":{"line":162,"column":47}},"163":{"start":{"line":164,"column":0},"end":{"line":164,"column":44}},"164":{"start":{"line":165,"column":0},"end":{"line":165,"column":41}},"165":{"start":{"line":166,"column":0},"end":{"line":166,"column":5}},"167":{"start":{"line":168,"column":0},"end":{"line":168,"column":78}},"168":{"start":{"line":169,"column":0},"end":{"line":169,"column":30}},"169":{"start":{"line":170,"column":0},"end":{"line":170,"column":29}},"170":{"start":{"line":171,"column":0},"end":{"line":171,"column":23}},"171":{"start":{"line":172,"column":0},"end":{"line":172,"column":7}},"172":{"start":{"line":173,"column":0},"end":{"line":173,"column":23}},"173":{"start":{"line":174,"column":0},"end":{"line":174,"column":26}},"174":{"start":{"line":175,"column":0},"end":{"line":175,"column":20}},"175":{"start":{"line":176,"column":0},"end":{"line":176,"column":17}},"176":{"start":{"line":177,"column":0},"end":{"line":177,"column":8}},"177":{"start":{"line":178,"column":0},"end":{"line":178,"column":6}},"179":{"start":{"line":180,"column":0},"end":{"line":180,"column":47}},"181":{"start":{"line":182,"column":0},"end":{"line":182,"column":44}},"182":{"start":{"line":183,"column":0},"end":{"line":183,"column":40}},"183":{"start":{"line":184,"column":0},"end":{"line":184,"column":5}},"185":{"start":{"line":186,"column":0},"end":{"line":186,"column":62}},"186":{"start":{"line":187,"column":0},"end":{"line":187,"column":30}},"187":{"start":{"line":188,"column":0},"end":{"line":188,"column":23}},"188":{"start":{"line":189,"column":0},"end":{"line":189,"column":7}},"189":{"start":{"line":190,"column":0},"end":{"line":190,"column":21}},"190":{"start":{"line":191,"column":0},"end":{"line":191,"column":27}},"191":{"start":{"line":192,"column":0},"end":{"line":192,"column":20}},"192":{"start":{"line":193,"column":0},"end":{"line":193,"column":17}},"193":{"start":{"line":194,"column":0},"end":{"line":194,"column":8}},"194":{"start":{"line":195,"column":0},"end":{"line":195,"column":6}},"195":{"start":{"line":196,"column":0},"end":{"line":196,"column":34}},"197":{"start":{"line":198,"column":0},"end":{"line":198,"column":40}},"199":{"start":{"line":200,"column":0},"end":{"line":200,"column":51}},"200":{"start":{"line":201,"column":0},"end":{"line":201,"column":5}},"202":{"start":{"line":203,"column":0},"end":{"line":203,"column":79}},"203":{"start":{"line":204,"column":0},"end":{"line":204,"column":30}},"204":{"start":{"line":205,"column":0},"end":{"line":205,"column":28}},"205":{"start":{"line":206,"column":0},"end":{"line":206,"column":23}},"206":{"start":{"line":207,"column":0},"end":{"line":207,"column":7}},"207":{"start":{"line":208,"column":0},"end":{"line":208,"column":24}},"208":{"start":{"line":209,"column":0},"end":{"line":209,"column":26}},"209":{"start":{"line":210,"column":0},"end":{"line":210,"column":20}},"210":{"start":{"line":211,"column":0},"end":{"line":211,"column":17}},"211":{"start":{"line":212,"column":0},"end":{"line":212,"column":8}},"212":{"start":{"line":213,"column":0},"end":{"line":213,"column":6}},"213":{"start":{"line":214,"column":0},"end":{"line":214,"column":40}},"214":{"start":{"line":215,"column":0},"end":{"line":215,"column":22}},"215":{"start":{"line":216,"column":0},"end":{"line":216,"column":7}},"216":{"start":{"line":217,"column":0},"end":{"line":217,"column":26}},"217":{"start":{"line":218,"column":0},"end":{"line":218,"column":28}},"218":{"start":{"line":219,"column":0},"end":{"line":219,"column":17}},"219":{"start":{"line":220,"column":0},"end":{"line":220,"column":21}},"220":{"start":{"line":221,"column":0},"end":{"line":221,"column":21}},"221":{"start":{"line":222,"column":0},"end":{"line":222,"column":28}},"222":{"start":{"line":223,"column":0},"end":{"line":223,"column":23}},"223":{"start":{"line":224,"column":0},"end":{"line":224,"column":48}},"224":{"start":{"line":225,"column":0},"end":{"line":225,"column":8}},"225":{"start":{"line":226,"column":0},"end":{"line":226,"column":6}},"227":{"start":{"line":228,"column":0},"end":{"line":228,"column":39}},"229":{"start":{"line":230,"column":0},"end":{"line":230,"column":44}},"230":{"start":{"line":231,"column":0},"end":{"line":231,"column":5}},"231":{"start":{"line":232,"column":0},"end":{"line":232,"column":3}}},"s":{"0":1,"1":1,"13":1,"15":10,"16":10,"17":10,"19":1,"20":1,"21":11,"22":1,"24":1,"25":1,"26":1,"28":1,"29":1,"30":1,"31":1,"32":1,"33":1,"34":1,"35":1,"36":1,"37":1,"38":1,"39":1,"40":1,"41":1,"42":1,"43":1,"44":1,"45":1,"46":1,"47":1,"48":1,"49":1,"50":1,"52":1,"53":1,"55":1,"56":1,"57":1,"58":1,"60":1,"62":1,"63":1,"65":1,"66":1,"68":1,"69":1,"71":1,"72":1,"73":1,"75":1,"77":1,"78":1,"79":1,"80":1,"81":1,"82":1,"83":1,"84":1,"86":1,"87":1,"88":1,"90":1,"91":1,"92":1,"93":1,"94":1,"95":1,"96":1,"97":1,"98":1,"100":1,"102":1,"103":1,"104":1,"105":1,"106":1,"107":1,"109":1,"110":1,"111":1,"112":1,"113":1,"114":1,"115":1,"116":1,"117":1,"118":1,"119":1,"120":1,"121":1,"122":1,"123":1,"124":1,"126":1,"127":1,"129":1,"130":1,"131":1,"133":1,"134":1,"135":1,"136":1,"137":1,"138":1,"139":1,"140":1,"141":1,"142":1,"144":1,"146":1,"147":1,"149":1,"150":1,"151":1,"152":1,"153":1,"154":1,"155":1,"156":1,"157":1,"158":1,"159":1,"161":1,"163":1,"164":1,"165":1,"167":1,"168":1,"169":1,"170":1,"171":1,"172":1,"173":1,"174":1,"175":1,"176":1,"177":1,"179":1,"181":1,"182":1,"183":1,"185":1,"186":1,"187":1,"188":1,"189":1,"190":1,"191":1,"192":1,"193":1,"194":1,"195":1,"197":1,"199":1,"200":1,"202":1,"203":1,"204":1,"205":1,"206":1,"207":1,"208":1,"209":1,"210":1,"211":1,"212":1,"213":1,"214":1,"215":1,"216":1,"217":1,"218":1,"219":1,"220":1,"221":1,"222":1,"223":1,"224":1,"225":1,"227":1,"229":1,"230":1,"231":1},"branchMap":{"0":{"type":"branch","line":16,"loc":{"start":{"line":16,"column":0},"end":{"line":18,"column":1}},"locations":[{"start":{"line":16,"column":0},"end":{"line":18,"column":1}}]},"1":{"type":"branch","line":20,"loc":{"start":{"line":20,"column":19},"end":{"line":232,"column":3}},"locations":[{"start":{"line":20,"column":19},"end":{"line":232,"column":3}}]},"2":{"type":"branch","line":21,"loc":{"start":{"line":21,"column":13},"end":{"line":23,"column":3}},"locations":[{"start":{"line":21,"column":13},"end":{"line":23,"column":3}}]},"3":{"type":"branch","line":25,"loc":{"start":{"line":25,"column":71},"end":{"line":54,"column":3}},"locations":[{"start":{"line":25,"column":71},"end":{"line":54,"column":3}}]},"4":{"type":"branch","line":56,"loc":{"start":{"line":56,"column":61},"end":{"line":64,"column":3}},"locations":[{"start":{"line":56,"column":61},"end":{"line":64,"column":3}}]},"5":{"type":"branch","line":66,"loc":{"start":{"line":66,"column":60},"end":{"line":70,"column":3}},"locations":[{"start":{"line":66,"column":60},"end":{"line":70,"column":3}}]},"6":{"type":"branch","line":72,"loc":{"start":{"line":72,"column":63},"end":{"line":85,"column":3}},"locations":[{"start":{"line":72,"column":63},"end":{"line":85,"column":3}}]},"7":{"type":"branch","line":87,"loc":{"start":{"line":87,"column":62},"end":{"line":108,"column":3}},"locations":[{"start":{"line":87,"column":62},"end":{"line":108,"column":3}}]},"8":{"type":"branch","line":110,"loc":{"start":{"line":110,"column":62},"end":{"line":132,"column":3}},"locations":[{"start":{"line":110,"column":62},"end":{"line":132,"column":3}}]},"9":{"type":"branch","line":134,"loc":{"start":{"line":134,"column":54},"end":{"line":148,"column":3}},"locations":[{"start":{"line":134,"column":54},"end":{"line":148,"column":3}}]},"10":{"type":"branch","line":150,"loc":{"start":{"line":150,"column":56},"end":{"line":166,"column":3}},"locations":[{"start":{"line":150,"column":56},"end":{"line":166,"column":3}}]},"11":{"type":"branch","line":168,"loc":{"start":{"line":168,"column":71},"end":{"line":184,"column":3}},"locations":[{"start":{"line":168,"column":71},"end":{"line":184,"column":3}}]},"12":{"type":"branch","line":186,"loc":{"start":{"line":186,"column":55},"end":{"line":201,"column":3}},"locations":[{"start":{"line":186,"column":55},"end":{"line":201,"column":3}}]},"13":{"type":"branch","line":203,"loc":{"start":{"line":203,"column":72},"end":{"line":231,"column":3}},"locations":[{"start":{"line":203,"column":72},"end":{"line":231,"column":3}}]}},"b":{"0":[10],"1":[1],"2":[11],"3":[1],"4":[1],"5":[1],"6":[1],"7":[1],"8":[1],"9":[1],"10":[1],"11":[1],"12":[1],"13":[1]},"fnMap":{"0":{"name":"makeState","decl":{"start":{"line":16,"column":0},"end":{"line":18,"column":1}},"loc":{"start":{"line":16,"column":0},"end":{"line":18,"column":1}},"line":16}},"f":{"0":10}}
,"/home/memekyu/code/lifeupidleextension/src/game/engine.ts": {"path":"/home/memekyu/code/lifeupidleextension/src/game/engine.ts","all":false,"statementMap":{"0":{"start":{"line":1,"column":0},"end":{"line":1,"column":41}},"6":{"start":{"line":7,"column":0},"end":{"line":7,"column":57}},"7":{"start":{"line":8,"column":0},"end":{"line":8,"column":52}},"8":{"start":{"line":9,"column":0},"end":{"line":9,"column":42}},"9":{"start":{"line":10,"column":0},"end":{"line":10,"column":53}},"11":{"start":{"line":12,"column":0},"end":{"line":12,"column":25}},"12":{"start":{"line":13,"column":0},"end":{"line":13,"column":23}},"13":{"start":{"line":14,"column":0},"end":{"line":14,"column":61}},"14":{"start":{"line":15,"column":0},"end":{"line":15,"column":61}},"15":{"start":{"line":16,"column":0},"end":{"line":16,"column":10}},"18":{"start":{"line":19,"column":0},"end":{"line":19,"column":75}},"19":{"start":{"line":20,"column":0},"end":{"line":20,"column":1}},"21":{"start":{"line":22,"column":0},"end":{"line":22,"column":68}},"22":{"start":{"line":23,"column":0},"end":{"line":23,"column":33}},"23":{"start":{"line":24,"column":0},"end":{"line":24,"column":45}},"24":{"start":{"line":25,"column":0},"end":{"line":25,"column":50}},"25":{"start":{"line":26,"column":0},"end":{"line":26,"column":1}},"31":{"start":{"line":32,"column":0},"end":{"line":32,"column":27}},"32":{"start":{"line":33,"column":0},"end":{"line":33,"column":41}},"33":{"start":{"line":34,"column":0},"end":{"line":34,"column":43}},"34":{"start":{"line":35,"column":0},"end":{"line":35,"column":43}},"35":{"start":{"line":36,"column":0},"end":{"line":36,"column":46}},"36":{"start":{"line":37,"column":0},"end":{"line":37,"column":43}},"37":{"start":{"line":38,"column":0},"end":{"line":38,"column":2}},"47":{"start":{"line":48,"column":0},"end":{"line":48,"column":34}},"48":{"start":{"line":49,"column":0},"end":{"line":49,"column":19}},"49":{"start":{"line":50,"column":0},"end":{"line":50,"column":16}},"50":{"start":{"line":51,"column":0},"end":{"line":51,"column":17}},"51":{"start":{"line":52,"column":0},"end":{"line":52,"column":30}},"52":{"start":{"line":53,"column":0},"end":{"line":53,"column":11}},"53":{"start":{"line":54,"column":0},"end":{"line":54,"column":20}},"54":{"start":{"line":55,"column":0},"end":{"line":55,"column":64}},"55":{"start":{"line":56,"column":0},"end":{"line":56,"column":35}},"58":{"start":{"line":59,"column":0},"end":{"line":59,"column":63}},"61":{"start":{"line":62,"column":0},"end":{"line":62,"column":58}},"62":{"start":{"line":63,"column":0},"end":{"line":63,"column":24}},"65":{"start":{"line":66,"column":0},"end":{"line":66,"column":9}},"66":{"start":{"line":67,"column":0},"end":{"line":67,"column":75}},"68":{"start":{"line":69,"column":0},"end":{"line":69,"column":14}},"69":{"start":{"line":70,"column":0},"end":{"line":70,"column":1}},"77":{"start":{"line":78,"column":0},"end":{"line":78,"column":29}},"78":{"start":{"line":79,"column":0},"end":{"line":79,"column":21}},"79":{"start":{"line":80,"column":0},"end":{"line":80,"column":51}},"80":{"start":{"line":81,"column":0},"end":{"line":81,"column":58}},"81":{"start":{"line":82,"column":0},"end":{"line":82,"column":19}},"82":{"start":{"line":83,"column":0},"end":{"line":83,"column":28}},"84":{"start":{"line":85,"column":0},"end":{"line":85,"column":35}},"85":{"start":{"line":86,"column":0},"end":{"line":86,"column":57}},"86":{"start":{"line":87,"column":0},"end":{"line":87,"column":59}},"87":{"start":{"line":88,"column":0},"end":{"line":88,"column":64}},"88":{"start":{"line":89,"column":0},"end":{"line":89,"column":52}},"89":{"start":{"line":90,"column":0},"end":{"line":90,"column":14}},"90":{"start":{"line":91,"column":0},"end":{"line":91,"column":19}},"91":{"start":{"line":92,"column":0},"end":{"line":92,"column":31}},"92":{"start":{"line":93,"column":0},"end":{"line":93,"column":14}},"93":{"start":{"line":94,"column":0},"end":{"line":94,"column":8}},"94":{"start":{"line":95,"column":0},"end":{"line":95,"column":5}},"95":{"start":{"line":96,"column":0},"end":{"line":96,"column":3}},"96":{"start":{"line":97,"column":0},"end":{"line":97,"column":15}},"97":{"start":{"line":98,"column":0},"end":{"line":98,"column":1}},"107":{"start":{"line":108,"column":0},"end":{"line":108,"column":37}},"108":{"start":{"line":109,"column":0},"end":{"line":109,"column":23}},"109":{"start":{"line":110,"column":0},"end":{"line":110,"column":17}},"110":{"start":{"line":111,"column":0},"end":{"line":111,"column":24}},"111":{"start":{"line":112,"column":0},"end":{"line":112,"column":34}},"112":{"start":{"line":113,"column":0},"end":{"line":113,"column":11}},"113":{"start":{"line":114,"column":0},"end":{"line":114,"column":20}},"114":{"start":{"line":115,"column":0},"end":{"line":115,"column":64}},"115":{"start":{"line":116,"column":0},"end":{"line":116,"column":72}},"118":{"start":{"line":119,"column":0},"end":{"line":119,"column":14}},"119":{"start":{"line":120,"column":0},"end":{"line":120,"column":73}},"120":{"start":{"line":121,"column":0},"end":{"line":121,"column":25}},"121":{"start":{"line":122,"column":0},"end":{"line":122,"column":1}},"126":{"start":{"line":127,"column":0},"end":{"line":127,"column":76}},"127":{"start":{"line":128,"column":0},"end":{"line":128,"column":36}},"128":{"start":{"line":129,"column":0},"end":{"line":129,"column":52}},"129":{"start":{"line":130,"column":0},"end":{"line":130,"column":1}},"160":{"start":{"line":161,"column":0},"end":{"line":161,"column":24}},"161":{"start":{"line":162,"column":0},"end":{"line":162,"column":19}},"162":{"start":{"line":163,"column":0},"end":{"line":163,"column":17}},"163":{"start":{"line":164,"column":0},"end":{"line":164,"column":23}},"164":{"start":{"line":165,"column":0},"end":{"line":165,"column":14}},"165":{"start":{"line":166,"column":0},"end":{"line":166,"column":10}},"166":{"start":{"line":167,"column":0},"end":{"line":167,"column":13}},"167":{"start":{"line":168,"column":0},"end":{"line":168,"column":16}},"168":{"start":{"line":169,"column":0},"end":{"line":169,"column":25}},"169":{"start":{"line":170,"column":0},"end":{"line":170,"column":7}},"170":{"start":{"line":171,"column":0},"end":{"line":171,"column":33}},"171":{"start":{"line":172,"column":0},"end":{"line":172,"column":15}},"172":{"start":{"line":173,"column":0},"end":{"line":173,"column":17}},"173":{"start":{"line":174,"column":0},"end":{"line":174,"column":17}},"174":{"start":{"line":175,"column":0},"end":{"line":175,"column":8}},"175":{"start":{"line":176,"column":0},"end":{"line":176,"column":6}},"176":{"start":{"line":177,"column":0},"end":{"line":177,"column":4}},"177":{"start":{"line":178,"column":0},"end":{"line":178,"column":1}},"179":{"start":{"line":180,"column":0},"end":{"line":180,"column":30}},"180":{"start":{"line":181,"column":0},"end":{"line":181,"column":19}},"181":{"start":{"line":182,"column":0},"end":{"line":182,"column":18}},"182":{"start":{"line":183,"column":0},"end":{"line":183,"column":70}},"183":{"start":{"line":184,"column":0},"end":{"line":184,"column":72}},"184":{"start":{"line":185,"column":0},"end":{"line":185,"column":36}},"186":{"start":{"line":187,"column":0},"end":{"line":187,"column":42}},"187":{"start":{"line":188,"column":0},"end":{"line":188,"column":45}},"188":{"start":{"line":189,"column":0},"end":{"line":189,"column":61}},"190":{"start":{"line":191,"column":0},"end":{"line":191,"column":25}},"191":{"start":{"line":192,"column":0},"end":{"line":192,"column":67}},"192":{"start":{"line":193,"column":0},"end":{"line":193,"column":10}},"193":{"start":{"line":194,"column":0},"end":{"line":194,"column":39}},"194":{"start":{"line":195,"column":0},"end":{"line":195,"column":3}},"196":{"start":{"line":197,"column":0},"end":{"line":197,"column":44}},"197":{"start":{"line":198,"column":0},"end":{"line":198,"column":1}},"199":{"start":{"line":200,"column":0},"end":{"line":200,"column":73}},"200":{"start":{"line":201,"column":0},"end":{"line":201,"column":56}},"201":{"start":{"line":202,"column":0},"end":{"line":202,"column":36}},"203":{"start":{"line":204,"column":0},"end":{"line":204,"column":29}},"204":{"start":{"line":205,"column":0},"end":{"line":205,"column":42}},"205":{"start":{"line":206,"column":0},"end":{"line":206,"column":50}},"207":{"start":{"line":208,"column":0},"end":{"line":208,"column":25}},"208":{"start":{"line":209,"column":0},"end":{"line":209,"column":23}},"209":{"start":{"line":210,"column":0},"end":{"line":210,"column":80}},"210":{"start":{"line":211,"column":0},"end":{"line":211,"column":76}},"211":{"start":{"line":212,"column":0},"end":{"line":212,"column":4}},"213":{"start":{"line":214,"column":0},"end":{"line":214,"column":30}},"214":{"start":{"line":215,"column":0},"end":{"line":215,"column":13}},"215":{"start":{"line":216,"column":0},"end":{"line":216,"column":34}},"216":{"start":{"line":217,"column":0},"end":{"line":217,"column":4}},"218":{"start":{"line":219,"column":0},"end":{"line":219,"column":35}},"219":{"start":{"line":220,"column":0},"end":{"line":220,"column":60}},"220":{"start":{"line":221,"column":0},"end":{"line":221,"column":17}},"221":{"start":{"line":222,"column":0},"end":{"line":222,"column":19}},"222":{"start":{"line":223,"column":0},"end":{"line":223,"column":18}},"223":{"start":{"line":224,"column":0},"end":{"line":224,"column":31}},"224":{"start":{"line":225,"column":0},"end":{"line":225,"column":50}},"225":{"start":{"line":226,"column":0},"end":{"line":226,"column":8}},"226":{"start":{"line":227,"column":0},"end":{"line":227,"column":6}},"227":{"start":{"line":228,"column":0},"end":{"line":228,"column":40}},"228":{"start":{"line":229,"column":0},"end":{"line":229,"column":50}},"229":{"start":{"line":230,"column":0},"end":{"line":230,"column":46}},"230":{"start":{"line":231,"column":0},"end":{"line":231,"column":9}},"231":{"start":{"line":232,"column":0},"end":{"line":232,"column":6}},"232":{"start":{"line":233,"column":0},"end":{"line":233,"column":48}},"233":{"start":{"line":234,"column":0},"end":{"line":234,"column":44}},"234":{"start":{"line":235,"column":0},"end":{"line":235,"column":27}},"235":{"start":{"line":236,"column":0},"end":{"line":236,"column":6}},"236":{"start":{"line":237,"column":0},"end":{"line":237,"column":35}},"237":{"start":{"line":238,"column":0},"end":{"line":238,"column":60}},"238":{"start":{"line":239,"column":0},"end":{"line":239,"column":17}},"239":{"start":{"line":240,"column":0},"end":{"line":240,"column":19}},"240":{"start":{"line":241,"column":0},"end":{"line":241,"column":18}},"241":{"start":{"line":242,"column":0},"end":{"line":242,"column":31}},"242":{"start":{"line":243,"column":0},"end":{"line":243,"column":50}},"243":{"start":{"line":244,"column":0},"end":{"line":244,"column":8}},"244":{"start":{"line":245,"column":0},"end":{"line":245,"column":6}},"245":{"start":{"line":246,"column":0},"end":{"line":246,"column":50}},"246":{"start":{"line":247,"column":0},"end":{"line":247,"column":46}},"247":{"start":{"line":248,"column":0},"end":{"line":248,"column":9}},"248":{"start":{"line":249,"column":0},"end":{"line":249,"column":6}},"249":{"start":{"line":250,"column":0},"end":{"line":250,"column":48}},"250":{"start":{"line":251,"column":0},"end":{"line":251,"column":44}},"251":{"start":{"line":252,"column":0},"end":{"line":252,"column":27}},"252":{"start":{"line":253,"column":0},"end":{"line":253,"column":6}},"253":{"start":{"line":254,"column":0},"end":{"line":254,"column":42}},"254":{"start":{"line":255,"column":0},"end":{"line":255,"column":17}},"255":{"start":{"line":256,"column":0},"end":{"line":256,"column":19}},"256":{"start":{"line":257,"column":0},"end":{"line":257,"column":14}},"257":{"start":{"line":258,"column":0},"end":{"line":258,"column":27}},"258":{"start":{"line":259,"column":0},"end":{"line":259,"column":50}},"259":{"start":{"line":260,"column":0},"end":{"line":260,"column":52}},"260":{"start":{"line":261,"column":0},"end":{"line":261,"column":62}},"261":{"start":{"line":262,"column":0},"end":{"line":262,"column":8}},"262":{"start":{"line":263,"column":0},"end":{"line":263,"column":18}},"263":{"start":{"line":264,"column":0},"end":{"line":264,"column":31}},"264":{"start":{"line":265,"column":0},"end":{"line":265,"column":20}},"265":{"start":{"line":266,"column":0},"end":{"line":266,"column":8}},"266":{"start":{"line":267,"column":0},"end":{"line":267,"column":6}},"267":{"start":{"line":268,"column":0},"end":{"line":268,"column":50}},"268":{"start":{"line":269,"column":0},"end":{"line":269,"column":46}},"269":{"start":{"line":270,"column":0},"end":{"line":270,"column":10}},"270":{"start":{"line":271,"column":0},"end":{"line":271,"column":6}},"271":{"start":{"line":272,"column":0},"end":{"line":272,"column":48}},"272":{"start":{"line":273,"column":0},"end":{"line":273,"column":44}},"273":{"start":{"line":274,"column":0},"end":{"line":274,"column":27}},"274":{"start":{"line":275,"column":0},"end":{"line":275,"column":6}},"275":{"start":{"line":276,"column":0},"end":{"line":276,"column":40}},"276":{"start":{"line":277,"column":0},"end":{"line":277,"column":50}},"277":{"start":{"line":278,"column":0},"end":{"line":278,"column":46}},"278":{"start":{"line":279,"column":0},"end":{"line":279,"column":10}},"279":{"start":{"line":280,"column":0},"end":{"line":280,"column":6}},"280":{"start":{"line":281,"column":0},"end":{"line":281,"column":48}},"281":{"start":{"line":282,"column":0},"end":{"line":282,"column":44}},"282":{"start":{"line":283,"column":0},"end":{"line":283,"column":26}},"283":{"start":{"line":284,"column":0},"end":{"line":284,"column":6}},"284":{"start":{"line":285,"column":0},"end":{"line":285,"column":43}},"285":{"start":{"line":286,"column":0},"end":{"line":286,"column":17}},"286":{"start":{"line":287,"column":0},"end":{"line":287,"column":19}},"287":{"start":{"line":288,"column":0},"end":{"line":288,"column":14}},"288":{"start":{"line":289,"column":0},"end":{"line":289,"column":27}},"289":{"start":{"line":290,"column":0},"end":{"line":290,"column":52}},"290":{"start":{"line":291,"column":0},"end":{"line":291,"column":8}},"291":{"start":{"line":292,"column":0},"end":{"line":292,"column":18}},"292":{"start":{"line":293,"column":0},"end":{"line":293,"column":31}},"293":{"start":{"line":294,"column":0},"end":{"line":294,"column":20}},"294":{"start":{"line":295,"column":0},"end":{"line":295,"column":8}},"295":{"start":{"line":296,"column":0},"end":{"line":296,"column":6}},"296":{"start":{"line":297,"column":0},"end":{"line":297,"column":45}},"297":{"start":{"line":298,"column":0},"end":{"line":298,"column":17}},"298":{"start":{"line":299,"column":0},"end":{"line":299,"column":19}},"299":{"start":{"line":300,"column":0},"end":{"line":300,"column":14}},"300":{"start":{"line":301,"column":0},"end":{"line":301,"column":27}},"301":{"start":{"line":302,"column":0},"end":{"line":302,"column":62}},"302":{"start":{"line":303,"column":0},"end":{"line":303,"column":8}},"303":{"start":{"line":304,"column":0},"end":{"line":304,"column":6}},"304":{"start":{"line":305,"column":0},"end":{"line":305,"column":50}},"305":{"start":{"line":306,"column":0},"end":{"line":306,"column":46}},"306":{"start":{"line":307,"column":0},"end":{"line":307,"column":9}},"307":{"start":{"line":308,"column":0},"end":{"line":308,"column":6}},"308":{"start":{"line":309,"column":0},"end":{"line":309,"column":48}},"309":{"start":{"line":310,"column":0},"end":{"line":310,"column":44}},"310":{"start":{"line":311,"column":0},"end":{"line":311,"column":27}},"311":{"start":{"line":312,"column":0},"end":{"line":312,"column":6}},"312":{"start":{"line":313,"column":0},"end":{"line":313,"column":45}},"313":{"start":{"line":314,"column":0},"end":{"line":314,"column":17}},"314":{"start":{"line":315,"column":0},"end":{"line":315,"column":19}},"315":{"start":{"line":316,"column":0},"end":{"line":316,"column":14}},"316":{"start":{"line":317,"column":0},"end":{"line":317,"column":27}},"317":{"start":{"line":318,"column":0},"end":{"line":318,"column":51}},"318":{"start":{"line":319,"column":0},"end":{"line":319,"column":52}},"319":{"start":{"line":320,"column":0},"end":{"line":320,"column":8}},"320":{"start":{"line":321,"column":0},"end":{"line":321,"column":6}},"321":{"start":{"line":322,"column":0},"end":{"line":322,"column":41}},"322":{"start":{"line":323,"column":0},"end":{"line":323,"column":47}},"323":{"start":{"line":324,"column":0},"end":{"line":324,"column":21}},"324":{"start":{"line":325,"column":0},"end":{"line":325,"column":19}},"325":{"start":{"line":326,"column":0},"end":{"line":326,"column":21}},"326":{"start":{"line":327,"column":0},"end":{"line":327,"column":16}},"327":{"start":{"line":328,"column":0},"end":{"line":328,"column":29}},"328":{"start":{"line":329,"column":0},"end":{"line":329,"column":53}},"329":{"start":{"line":330,"column":0},"end":{"line":330,"column":10}},"330":{"start":{"line":331,"column":0},"end":{"line":331,"column":8}},"331":{"start":{"line":332,"column":0},"end":{"line":332,"column":28}},"332":{"start":{"line":333,"column":0},"end":{"line":333,"column":19}},"333":{"start":{"line":334,"column":0},"end":{"line":334,"column":21}},"334":{"start":{"line":335,"column":0},"end":{"line":335,"column":16}},"335":{"start":{"line":336,"column":0},"end":{"line":336,"column":29}},"336":{"start":{"line":337,"column":0},"end":{"line":337,"column":55}},"337":{"start":{"line":338,"column":0},"end":{"line":338,"column":10}},"338":{"start":{"line":339,"column":0},"end":{"line":339,"column":8}},"339":{"start":{"line":340,"column":0},"end":{"line":340,"column":28}},"340":{"start":{"line":341,"column":0},"end":{"line":341,"column":19}},"341":{"start":{"line":342,"column":0},"end":{"line":342,"column":21}},"342":{"start":{"line":343,"column":0},"end":{"line":343,"column":16}},"343":{"start":{"line":344,"column":0},"end":{"line":344,"column":29}},"344":{"start":{"line":345,"column":0},"end":{"line":345,"column":65}},"345":{"start":{"line":346,"column":0},"end":{"line":346,"column":10}},"346":{"start":{"line":347,"column":0},"end":{"line":347,"column":8}},"347":{"start":{"line":348,"column":0},"end":{"line":348,"column":28}},"348":{"start":{"line":349,"column":0},"end":{"line":349,"column":52}},"349":{"start":{"line":350,"column":0},"end":{"line":350,"column":48}},"350":{"start":{"line":351,"column":0},"end":{"line":351,"column":12}},"351":{"start":{"line":352,"column":0},"end":{"line":352,"column":8}},"352":{"start":{"line":353,"column":0},"end":{"line":353,"column":50}},"353":{"start":{"line":354,"column":0},"end":{"line":354,"column":46}},"354":{"start":{"line":355,"column":0},"end":{"line":355,"column":29}},"355":{"start":{"line":356,"column":0},"end":{"line":356,"column":8}},"356":{"start":{"line":357,"column":0},"end":{"line":357,"column":12}},"358":{"start":{"line":359,"column":0},"end":{"line":359,"column":19}},"359":{"start":{"line":360,"column":0},"end":{"line":360,"column":21}},"360":{"start":{"line":361,"column":0},"end":{"line":361,"column":16}},"361":{"start":{"line":362,"column":0},"end":{"line":362,"column":29}},"362":{"start":{"line":363,"column":0},"end":{"line":363,"column":66}},"363":{"start":{"line":364,"column":0},"end":{"line":364,"column":68}},"364":{"start":{"line":365,"column":0},"end":{"line":365,"column":78}},"365":{"start":{"line":366,"column":0},"end":{"line":366,"column":10}},"366":{"start":{"line":367,"column":0},"end":{"line":367,"column":8}},"367":{"start":{"line":368,"column":0},"end":{"line":368,"column":5}},"368":{"start":{"line":369,"column":0},"end":{"line":369,"column":3}},"370":{"start":{"line":371,"column":0},"end":{"line":371,"column":10}},"371":{"start":{"line":372,"column":0},"end":{"line":372,"column":17}},"372":{"start":{"line":373,"column":0},"end":{"line":373,"column":34}},"373":{"start":{"line":374,"column":0},"end":{"line":374,"column":4}},"374":{"start":{"line":375,"column":0},"end":{"line":375,"column":1}},"376":{"start":{"line":377,"column":0},"end":{"line":377,"column":72}},"377":{"start":{"line":378,"column":0},"end":{"line":378,"column":62}},"378":{"start":{"line":379,"column":0},"end":{"line":379,"column":26}},"380":{"start":{"line":381,"column":0},"end":{"line":381,"column":42}},"381":{"start":{"line":382,"column":0},"end":{"line":382,"column":43}},"383":{"start":{"line":384,"column":0},"end":{"line":384,"column":10}},"384":{"start":{"line":385,"column":0},"end":{"line":385,"column":13}},"385":{"start":{"line":386,"column":0},"end":{"line":386,"column":16}},"386":{"start":{"line":387,"column":0},"end":{"line":387,"column":25}},"387":{"start":{"line":388,"column":0},"end":{"line":388,"column":49}},"388":{"start":{"line":389,"column":0},"end":{"line":389,"column":6}},"389":{"start":{"line":390,"column":0},"end":{"line":390,"column":64}},"390":{"start":{"line":391,"column":0},"end":{"line":391,"column":4}},"391":{"start":{"line":392,"column":0},"end":{"line":392,"column":1}},"393":{"start":{"line":394,"column":0},"end":{"line":394,"column":26}},"394":{"start":{"line":395,"column":0},"end":{"line":395,"column":19}},"395":{"start":{"line":396,"column":0},"end":{"line":396,"column":18}},"396":{"start":{"line":397,"column":0},"end":{"line":397,"column":52}},"397":{"start":{"line":398,"column":0},"end":{"line":398,"column":14}},"398":{"start":{"line":399,"column":0},"end":{"line":399,"column":62}},"399":{"start":{"line":400,"column":0},"end":{"line":400,"column":26}},"401":{"start":{"line":402,"column":0},"end":{"line":402,"column":42}},"402":{"start":{"line":403,"column":0},"end":{"line":403,"column":25}},"404":{"start":{"line":405,"column":0},"end":{"line":405,"column":46}},"405":{"start":{"line":406,"column":0},"end":{"line":406,"column":74}},"406":{"start":{"line":407,"column":0},"end":{"line":407,"column":32}},"408":{"start":{"line":409,"column":0},"end":{"line":409,"column":33}},"409":{"start":{"line":410,"column":0},"end":{"line":410,"column":30}},"410":{"start":{"line":411,"column":0},"end":{"line":411,"column":51}},"411":{"start":{"line":412,"column":0},"end":{"line":412,"column":42}},"413":{"start":{"line":414,"column":0},"end":{"line":414,"column":41}},"414":{"start":{"line":415,"column":0},"end":{"line":415,"column":42}},"415":{"start":{"line":416,"column":0},"end":{"line":416,"column":41}},"416":{"start":{"line":417,"column":0},"end":{"line":417,"column":12}},"418":{"start":{"line":419,"column":0},"end":{"line":419,"column":41}},"419":{"start":{"line":420,"column":0},"end":{"line":420,"column":5}},"420":{"start":{"line":421,"column":0},"end":{"line":421,"column":37}},"421":{"start":{"line":422,"column":0},"end":{"line":422,"column":35}},"422":{"start":{"line":423,"column":0},"end":{"line":423,"column":36}},"423":{"start":{"line":424,"column":0},"end":{"line":424,"column":34}},"424":{"start":{"line":425,"column":0},"end":{"line":425,"column":34}},"425":{"start":{"line":426,"column":0},"end":{"line":426,"column":32}},"426":{"start":{"line":427,"column":0},"end":{"line":427,"column":35}},"427":{"start":{"line":428,"column":0},"end":{"line":428,"column":33}},"428":{"start":{"line":429,"column":0},"end":{"line":429,"column":10}},"430":{"start":{"line":431,"column":0},"end":{"line":431,"column":17}},"431":{"start":{"line":432,"column":0},"end":{"line":432,"column":3}},"433":{"start":{"line":434,"column":0},"end":{"line":434,"column":10}},"434":{"start":{"line":435,"column":0},"end":{"line":435,"column":13}},"435":{"start":{"line":436,"column":0},"end":{"line":436,"column":28}},"436":{"start":{"line":437,"column":0},"end":{"line":437,"column":4}},"437":{"start":{"line":438,"column":0},"end":{"line":438,"column":1}},"443":{"start":{"line":444,"column":0},"end":{"line":444,"column":75}},"444":{"start":{"line":445,"column":0},"end":{"line":445,"column":72}},"445":{"start":{"line":446,"column":0},"end":{"line":446,"column":37}},"447":{"start":{"line":448,"column":0},"end":{"line":448,"column":42}},"448":{"start":{"line":449,"column":0},"end":{"line":449,"column":42}},"449":{"start":{"line":450,"column":0},"end":{"line":450,"column":25}},"451":{"start":{"line":452,"column":0},"end":{"line":452,"column":60}},"452":{"start":{"line":453,"column":0},"end":{"line":453,"column":55}},"455":{"start":{"line":456,"column":0},"end":{"line":456,"column":44}},"456":{"start":{"line":457,"column":0},"end":{"line":457,"column":29}},"457":{"start":{"line":458,"column":0},"end":{"line":458,"column":12}},"458":{"start":{"line":459,"column":0},"end":{"line":459,"column":26}},"459":{"start":{"line":460,"column":0},"end":{"line":460,"column":4}},"461":{"start":{"line":462,"column":0},"end":{"line":462,"column":10}},"462":{"start":{"line":463,"column":0},"end":{"line":463,"column":13}},"463":{"start":{"line":464,"column":0},"end":{"line":464,"column":28}},"464":{"start":{"line":465,"column":0},"end":{"line":465,"column":16}},"465":{"start":{"line":466,"column":0},"end":{"line":466,"column":25}},"466":{"start":{"line":467,"column":0},"end":{"line":467,"column":47}},"467":{"start":{"line":468,"column":0},"end":{"line":468,"column":6}},"468":{"start":{"line":469,"column":0},"end":{"line":469,"column":4}},"469":{"start":{"line":470,"column":0},"end":{"line":470,"column":1}},"474":{"start":{"line":475,"column":0},"end":{"line":475,"column":64}},"475":{"start":{"line":476,"column":0},"end":{"line":476,"column":28}},"476":{"start":{"line":477,"column":0},"end":{"line":477,"column":1}},"481":{"start":{"line":482,"column":0},"end":{"line":482,"column":69}},"482":{"start":{"line":483,"column":0},"end":{"line":483,"column":35}},"483":{"start":{"line":484,"column":0},"end":{"line":484,"column":31}},"485":{"start":{"line":486,"column":0},"end":{"line":486,"column":21}},"486":{"start":{"line":487,"column":0},"end":{"line":487,"column":13}},"487":{"start":{"line":488,"column":0},"end":{"line":488,"column":12}},"488":{"start":{"line":489,"column":0},"end":{"line":489,"column":17}},"489":{"start":{"line":490,"column":0},"end":{"line":490,"column":17}},"490":{"start":{"line":491,"column":0},"end":{"line":491,"column":10}},"491":{"start":{"line":492,"column":0},"end":{"line":492,"column":11}},"492":{"start":{"line":493,"column":0},"end":{"line":493,"column":13}},"494":{"start":{"line":495,"column":0},"end":{"line":495,"column":37}},"495":{"start":{"line":496,"column":0},"end":{"line":496,"column":31}},"496":{"start":{"line":497,"column":0},"end":{"line":497,"column":23}},"498":{"start":{"line":499,"column":0},"end":{"line":499,"column":60}},"499":{"start":{"line":500,"column":0},"end":{"line":500,"column":24}},"501":{"start":{"line":502,"column":0},"end":{"line":502,"column":44}},"502":{"start":{"line":503,"column":0},"end":{"line":503,"column":37}},"505":{"start":{"line":506,"column":0},"end":{"line":506,"column":59}},"506":{"start":{"line":507,"column":0},"end":{"line":507,"column":61}},"507":{"start":{"line":508,"column":0},"end":{"line":508,"column":39}},"508":{"start":{"line":509,"column":0},"end":{"line":509,"column":16}},"509":{"start":{"line":510,"column":0},"end":{"line":510,"column":21}},"510":{"start":{"line":511,"column":0},"end":{"line":511,"column":33}},"511":{"start":{"line":512,"column":0},"end":{"line":512,"column":10}},"512":{"start":{"line":513,"column":0},"end":{"line":513,"column":76}},"513":{"start":{"line":514,"column":0},"end":{"line":514,"column":7}},"514":{"start":{"line":515,"column":0},"end":{"line":515,"column":5}},"515":{"start":{"line":516,"column":0},"end":{"line":516,"column":3}},"517":{"start":{"line":518,"column":0},"end":{"line":518,"column":15}},"518":{"start":{"line":519,"column":0},"end":{"line":519,"column":1}},"524":{"start":{"line":525,"column":0},"end":{"line":525,"column":67}},"525":{"start":{"line":526,"column":0},"end":{"line":526,"column":35}},"527":{"start":{"line":528,"column":0},"end":{"line":528,"column":41}},"529":{"start":{"line":530,"column":0},"end":{"line":530,"column":48}},"530":{"start":{"line":531,"column":0},"end":{"line":531,"column":28}},"531":{"start":{"line":532,"column":0},"end":{"line":532,"column":69}},"532":{"start":{"line":533,"column":0},"end":{"line":533,"column":65}},"533":{"start":{"line":534,"column":0},"end":{"line":534,"column":39}},"534":{"start":{"line":535,"column":0},"end":{"line":535,"column":71}},"535":{"start":{"line":536,"column":0},"end":{"line":536,"column":11}},"536":{"start":{"line":537,"column":0},"end":{"line":537,"column":9}},"537":{"start":{"line":538,"column":0},"end":{"line":538,"column":7}},"540":{"start":{"line":541,"column":0},"end":{"line":541,"column":77}},"541":{"start":{"line":542,"column":0},"end":{"line":542,"column":49}},"542":{"start":{"line":543,"column":0},"end":{"line":543,"column":79}},"543":{"start":{"line":544,"column":0},"end":{"line":544,"column":69}},"544":{"start":{"line":545,"column":0},"end":{"line":545,"column":7}},"545":{"start":{"line":546,"column":0},"end":{"line":546,"column":5}},"546":{"start":{"line":547,"column":0},"end":{"line":547,"column":3}},"548":{"start":{"line":549,"column":0},"end":{"line":549,"column":15}},"549":{"start":{"line":550,"column":0},"end":{"line":550,"column":1}},"554":{"start":{"line":555,"column":0},"end":{"line":555,"column":63}},"555":{"start":{"line":556,"column":0},"end":{"line":556,"column":35}},"556":{"start":{"line":557,"column":0},"end":{"line":557,"column":37}},"558":{"start":{"line":559,"column":0},"end":{"line":559,"column":28}},"560":{"start":{"line":561,"column":0},"end":{"line":561,"column":64}},"561":{"start":{"line":562,"column":0},"end":{"line":562,"column":29}},"563":{"start":{"line":564,"column":0},"end":{"line":564,"column":48}},"564":{"start":{"line":565,"column":0},"end":{"line":565,"column":48}},"567":{"start":{"line":568,"column":0},"end":{"line":568,"column":46}},"568":{"start":{"line":569,"column":0},"end":{"line":569,"column":50}},"571":{"start":{"line":572,"column":0},"end":{"line":572,"column":20}},"572":{"start":{"line":573,"column":0},"end":{"line":573,"column":64}},"574":{"start":{"line":575,"column":0},"end":{"line":575,"column":15}},"575":{"start":{"line":576,"column":0},"end":{"line":576,"column":1}},"586":{"start":{"line":587,"column":0},"end":{"line":587,"column":65}},"587":{"start":{"line":588,"column":0},"end":{"line":588,"column":40}},"588":{"start":{"line":589,"column":0},"end":{"line":589,"column":50}},"589":{"start":{"line":590,"column":0},"end":{"line":590,"column":46}},"590":{"start":{"line":591,"column":0},"end":{"line":591,"column":38}},"593":{"start":{"line":594,"column":0},"end":{"line":594,"column":33}},"594":{"start":{"line":595,"column":0},"end":{"line":595,"column":11}},"595":{"start":{"line":596,"column":0},"end":{"line":596,"column":31}},"596":{"start":{"line":597,"column":0},"end":{"line":597,"column":36}},"597":{"start":{"line":598,"column":0},"end":{"line":598,"column":33}},"598":{"start":{"line":599,"column":0},"end":{"line":599,"column":73}},"599":{"start":{"line":600,"column":0},"end":{"line":600,"column":17}},"600":{"start":{"line":601,"column":0},"end":{"line":601,"column":76}},"601":{"start":{"line":602,"column":0},"end":{"line":602,"column":14}},"602":{"start":{"line":603,"column":0},"end":{"line":603,"column":34}},"603":{"start":{"line":604,"column":0},"end":{"line":604,"column":39}},"604":{"start":{"line":605,"column":0},"end":{"line":605,"column":36}},"606":{"start":{"line":607,"column":0},"end":{"line":607,"column":76}},"607":{"start":{"line":608,"column":0},"end":{"line":608,"column":23}},"608":{"start":{"line":609,"column":0},"end":{"line":609,"column":46}},"609":{"start":{"line":610,"column":0},"end":{"line":610,"column":41}},"610":{"start":{"line":611,"column":0},"end":{"line":611,"column":79}},"611":{"start":{"line":612,"column":0},"end":{"line":612,"column":21}},"612":{"start":{"line":613,"column":0},"end":{"line":613,"column":78}},"613":{"start":{"line":614,"column":0},"end":{"line":614,"column":4}},"616":{"start":{"line":617,"column":0},"end":{"line":617,"column":41}},"617":{"start":{"line":618,"column":0},"end":{"line":618,"column":48}},"618":{"start":{"line":619,"column":0},"end":{"line":619,"column":51}},"619":{"start":{"line":620,"column":0},"end":{"line":620,"column":72}},"620":{"start":{"line":621,"column":0},"end":{"line":621,"column":7}},"621":{"start":{"line":622,"column":0},"end":{"line":622,"column":53}},"622":{"start":{"line":623,"column":0},"end":{"line":623,"column":74}},"623":{"start":{"line":624,"column":0},"end":{"line":624,"column":7}},"624":{"start":{"line":625,"column":0},"end":{"line":625,"column":63}},"625":{"start":{"line":626,"column":0},"end":{"line":626,"column":39}},"626":{"start":{"line":627,"column":0},"end":{"line":627,"column":39}},"627":{"start":{"line":628,"column":0},"end":{"line":628,"column":24}},"628":{"start":{"line":629,"column":0},"end":{"line":629,"column":10}},"629":{"start":{"line":630,"column":0},"end":{"line":630,"column":7}},"630":{"start":{"line":631,"column":0},"end":{"line":631,"column":5}},"631":{"start":{"line":632,"column":0},"end":{"line":632,"column":3}},"633":{"start":{"line":634,"column":0},"end":{"line":634,"column":15}},"634":{"start":{"line":635,"column":0},"end":{"line":635,"column":1}}},"s":{"0":1,"6":1,"7":2,"8":2,"9":2,"11":2,"12":2,"13":2,"14":1,"15":1,"18":2,"19":2,"21":1,"22":1,"23":1,"24":1,"25":1,"31":1,"32":1,"33":1,"34":1,"35":1,"36":1,"37":1,"47":1,"48":2,"49":2,"50":2,"51":2,"52":2,"53":2,"54":2,"55":2,"58":2,"61":2,"62":2,"65":2,"66":2,"68":2,"69":2,"77":1,"78":0,"79":0,"80":0,"81":0,"82":0,"84":0,"85":0,"86":0,"87":0,"88":0,"89":0,"90":0,"91":0,"92":0,"93":0,"94":0,"95":0,"96":0,"97":0,"107":1,"108":2,"109":2,"110":2,"111":2,"112":2,"113":2,"114":2,"115":2,"118":2,"119":2,"120":2,"121":2,"126":1,"127":0,"128":0,"129":0,"160":1,"161":1,"162":1,"163":1,"164":1,"165":1,"166":1,"167":1,"168":1,"169":1,"170":1,"171":1,"172":1,"173":1,"174":1,"175":1,"176":1,"177":1,"179":1,"180":1,"181":1,"182":1,"183":1,"184":1,"186":1,"187":1,"188":1,"190":1,"191":0,"192":1,"193":1,"194":1,"196":1,"197":1,"199":1,"200":1,"201":1,"203":1,"204":1,"205":1,"207":1,"208":1,"209":1,"210":1,"211":1,"213":1,"214":1,"215":1,"216":1,"218":1,"219":0,"220":0,"221":0,"222":0,"223":0,"224":0,"225":0,"226":0,"227":1,"228":1,"229":1,"230":1,"231":1,"232":1,"233":1,"234":1,"235":1,"236":1,"237":0,"238":0,"239":0,"240":0,"241":0,"242":0,"243":0,"244":0,"245":0,"246":0,"247":0,"248":0,"249":0,"250":0,"251":0,"252":0,"253":0,"254":0,"255":0,"256":0,"257":0,"258":0,"259":0,"260":0,"261":0,"262":0,"263":0,"264":0,"265":0,"266":0,"267":0,"268":0,"269":0,"270":0,"271":0,"272":0,"273":0,"274":0,"275":0,"276":0,"277":0,"278":0,"279":0,"280":0,"281":0,"282":0,"283":0,"284":0,"285":0,"286":0,"287":0,"288":0,"289":0,"290":0,"291":0,"292":0,"293":0,"294":0,"295":0,"296":0,"297":0,"298":0,"299":0,"300":0,"301":0,"302":0,"303":0,"304":0,"305":0,"306":0,"307":0,"308":0,"309":0,"310":0,"311":0,"312":0,"313":0,"314":0,"315":0,"316":0,"317":0,"318":0,"319":0,"320":0,"321":0,"322":0,"323":0,"324":0,"325":0,"326":0,"327":0,"328":0,"329":0,"330":0,"331":0,"332":0,"333":0,"334":0,"335":0,"336":0,"337":0,"338":0,"339":0,"340":0,"341":0,"342":0,"343":0,"344":0,"345":0,"346":0,"347":0,"348":0,"349":0,"350":0,"351":0,"352":0,"353":0,"354":0,"355":0,"356":0,"358":0,"359":0,"360":0,"361":0,"362":0,"363":0,"364":0,"365":0,"366":0,"367":0,"368":0,"370":1,"371":1,"372":1,"373":1,"374":1,"376":1,"377":0,"378":0,"380":0,"381":0,"383":0,"384":0,"385":0,"386":0,"387":0,"388":0,"389":0,"390":0,"391":0,"393":1,"394":3,"395":3,"396":3,"397":3,"398":3,"399":3,"401":3,"402":3,"404":3,"405":3,"406":3,"408":2,"409":2,"410":0,"411":2,"413":1,"414":1,"415":1,"416":1,"418":0,"419":0,"420":3,"421":0,"422":0,"423":0,"424":0,"425":0,"426":0,"427":0,"428":0,"430":0,"431":0,"433":2,"434":2,"435":2,"436":2,"437":2,"443":1,"444":2,"445":2,"447":2,"448":2,"449":2,"451":2,"452":2,"455":1,"456":1,"457":1,"458":1,"459":1,"461":1,"462":1,"463":1,"464":1,"465":1,"466":2,"467":2,"468":2,"469":2,"474":1,"475":3,"476":3,"481":1,"482":3,"483":3,"485":3,"486":3,"487":3,"488":3,"489":3,"490":3,"491":3,"492":3,"494":3,"495":18,"496":18,"498":1,"499":1,"501":1,"502":18,"505":1,"506":1,"507":1,"508":1,"509":1,"510":1,"511":1,"512":1,"513":1,"514":1,"515":1,"517":3,"518":3,"524":1,"525":3,"527":3,"529":2,"530":2,"531":1,"532":1,"533":1,"534":1,"535":1,"536":1,"537":1,"540":2,"541":1,"542":1,"543":1,"544":1,"545":2,"546":2,"548":3,"549":3,"554":1,"555":4,"556":4,"558":4,"560":1,"561":4,"563":1,"564":4,"567":1,"568":1,"571":1,"572":4,"574":4,"575":4,"586":1,"587":3,"588":3,"589":3,"590":3,"593":3,"594":3,"595":3,"596":3,"597":3,"598":3,"599":3,"600":3,"601":3,"602":3,"603":3,"604":3,"606":3,"607":3,"608":3,"609":3,"610":3,"611":3,"612":3,"613":3,"616":3,"617":2,"618":2,"619":0,"620":0,"621":2,"622":0,"623":0,"624":2,"625":0,"626":0,"627":0,"628":0,"629":0,"630":2,"631":2,"633":3,"634":3},"branchMap":{"0":{"type":"branch","line":7,"loc":{"start":{"line":7,"column":7},"end":{"line":20,"column":1}},"locations":[{"start":{"line":7,"column":7},"end":{"line":20,"column":1}}]},"1":{"type":"branch","line":8,"loc":{"start":{"line":8,"column":40},"end":{"line":8,"column":52}},"locations":[{"start":{"line":8,"column":40},"end":{"line":8,"column":52}}]},"2":{"type":"branch","line":10,"loc":{"start":{"line":10,"column":37},"end":{"line":10,"column":53}},"locations":[{"start":{"line":10,"column":37},"end":{"line":10,"column":53}}]},"3":{"type":"branch","line":14,"loc":{"start":{"line":14,"column":29},"end":{"line":14,"column":58}},"locations":[{"start":{"line":14,"column":29},"end":{"line":14,"column":58}}]},"4":{"type":"branch","line":14,"loc":{"start":{"line":14,"column":58},"end":{"line":15,"column":61}},"locations":[{"start":{"line":14,"column":58},"end":{"line":15,"column":61}}]},"5":{"type":"branch","line":15,"loc":{"start":{"line":15,"column":33},"end":{"line":15,"column":61}},"locations":[{"start":{"line":15,"column":33},"end":{"line":15,"column":61}}]},"6":{"type":"branch","line":15,"loc":{"start":{"line":15,"column":59},"end":{"line":16,"column":10}},"locations":[{"start":{"line":15,"column":59},"end":{"line":16,"column":10}}]},"7":{"type":"branch","line":22,"loc":{"start":{"line":22,"column":7},"end":{"line":26,"column":1}},"locations":[{"start":{"line":22,"column":7},"end":{"line":26,"column":1}}]},"8":{"type":"branch","line":48,"loc":{"start":{"line":48,"column":7},"end":{"line":70,"column":1}},"locations":[{"start":{"line":48,"column":7},"end":{"line":70,"column":1}}]},"9":{"type":"branch","line":56,"loc":{"start":{"line":56,"column":19},"end":{"line":56,"column":35}},"locations":[{"start":{"line":56,"column":19},"end":{"line":56,"column":35}}]},"10":{"type":"branch","line":108,"loc":{"start":{"line":108,"column":7},"end":{"line":122,"column":1}},"locations":[{"start":{"line":108,"column":7},"end":{"line":122,"column":1}}]},"11":{"type":"branch","line":116,"loc":{"start":{"line":116,"column":19},"end":{"line":116,"column":72}},"locations":[{"start":{"line":116,"column":19},"end":{"line":116,"column":72}}]},"12":{"type":"branch","line":161,"loc":{"start":{"line":161,"column":7},"end":{"line":178,"column":1}},"locations":[{"start":{"line":161,"column":7},"end":{"line":178,"column":1}}]},"13":{"type":"branch","line":180,"loc":{"start":{"line":180,"column":0},"end":{"line":198,"column":1}},"locations":[{"start":{"line":180,"column":0},"end":{"line":198,"column":1}}]},"14":{"type":"branch","line":185,"loc":{"start":{"line":185,"column":24},"end":{"line":185,"column":36}},"locations":[{"start":{"line":185,"column":24},"end":{"line":185,"column":36}}]},"15":{"type":"branch","line":189,"loc":{"start":{"line":189,"column":41},"end":{"line":189,"column":58}},"locations":[{"start":{"line":189,"column":41},"end":{"line":189,"column":58}}]},"16":{"type":"branch","line":191,"loc":{"start":{"line":191,"column":24},"end":{"line":193,"column":9}},"locations":[{"start":{"line":191,"column":24},"end":{"line":193,"column":9}}]},"17":{"type":"branch","line":184,"loc":{"start":{"line":184,"column":46},"end":{"line":184,"column":70}},"locations":[{"start":{"line":184,"column":46},"end":{"line":184,"column":70}}]},"18":{"type":"branch","line":200,"loc":{"start":{"line":200,"column":7},"end":{"line":375,"column":1}},"locations":[{"start":{"line":200,"column":7},"end":{"line":375,"column":1}}]},"19":{"type":"branch","line":202,"loc":{"start":{"line":202,"column":23},"end":{"line":202,"column":36}},"locations":[{"start":{"line":202,"column":23},"end":{"line":202,"column":36}}]},"20":{"type":"branch","line":206,"loc":{"start":{"line":206,"column":37},"end":{"line":206,"column":50}},"locations":[{"start":{"line":206,"column":37},"end":{"line":206,"column":50}}]},"21":{"type":"branch","line":210,"loc":{"start":{"line":210,"column":52},"end":{"line":210,"column":80}},"locations":[{"start":{"line":210,"column":52},"end":{"line":210,"column":80}}]},"22":{"type":"branch","line":211,"loc":{"start":{"line":211,"column":50},"end":{"line":211,"column":76}},"locations":[{"start":{"line":211,"column":50},"end":{"line":211,"column":76}}]},"23":{"type":"branch","line":219,"loc":{"start":{"line":219,"column":34},"end":{"line":228,"column":13}},"locations":[{"start":{"line":219,"column":34},"end":{"line":228,"column":13}}]},"24":{"type":"branch","line":230,"loc":{"start":{"line":230,"column":18},"end":{"line":230,"column":46}},"locations":[{"start":{"line":230,"column":18},"end":{"line":230,"column":46}}]},"25":{"type":"branch","line":234,"loc":{"start":{"line":234,"column":18},"end":{"line":234,"column":44}},"locations":[{"start":{"line":234,"column":18},"end":{"line":234,"column":44}}]},"26":{"type":"branch","line":237,"loc":{"start":{"line":237,"column":2},"end":{"line":369,"column":3}},"locations":[{"start":{"line":237,"column":2},"end":{"line":369,"column":3}}]},"27":{"type":"branch","line":394,"loc":{"start":{"line":394,"column":7},"end":{"line":438,"column":1}},"locations":[{"start":{"line":394,"column":7},"end":{"line":438,"column":1}}]},"28":{"type":"branch","line":400,"loc":{"start":{"line":400,"column":13},"end":{"line":400,"column":26}},"locations":[{"start":{"line":400,"column":13},"end":{"line":400,"column":26}}]},"29":{"type":"branch","line":403,"loc":{"start":{"line":403,"column":12},"end":{"line":403,"column":25}},"locations":[{"start":{"line":403,"column":12},"end":{"line":403,"column":25}}]},"30":{"type":"branch","line":406,"loc":{"start":{"line":406,"column":35},"end":{"line":406,"column":74}},"locations":[{"start":{"line":406,"column":35},"end":{"line":406,"column":74}}]},"31":{"type":"branch","line":407,"loc":{"start":{"line":407,"column":19},"end":{"line":407,"column":32}},"locations":[{"start":{"line":407,"column":19},"end":{"line":407,"column":32}}]},"32":{"type":"branch","line":407,"loc":{"start":{"line":407,"column":26},"end":{"line":421,"column":13}},"locations":[{"start":{"line":407,"column":26},"end":{"line":421,"column":13}}]},"33":{"type":"branch","line":410,"loc":{"start":{"line":410,"column":29},"end":{"line":412,"column":15}},"locations":[{"start":{"line":410,"column":29},"end":{"line":412,"column":15}}]},"34":{"type":"branch","line":412,"loc":{"start":{"line":412,"column":41},"end":{"line":420,"column":5}},"locations":[{"start":{"line":412,"column":41},"end":{"line":420,"column":5}}]},"35":{"type":"branch","line":417,"loc":{"start":{"line":417,"column":4},"end":{"line":420,"column":5}},"locations":[{"start":{"line":417,"column":4},"end":{"line":420,"column":5}}]},"36":{"type":"branch","line":421,"loc":{"start":{"line":421,"column":2},"end":{"line":432,"column":3}},"locations":[{"start":{"line":421,"column":2},"end":{"line":432,"column":3}}]},"37":{"type":"branch","line":432,"loc":{"start":{"line":432,"column":2},"end":{"line":438,"column":1}},"locations":[{"start":{"line":432,"column":2},"end":{"line":438,"column":1}}]},"38":{"type":"branch","line":399,"loc":{"start":{"line":399,"column":36},"end":{"line":399,"column":60}},"locations":[{"start":{"line":399,"column":36},"end":{"line":399,"column":60}}]},"39":{"type":"branch","line":444,"loc":{"start":{"line":444,"column":7},"end":{"line":470,"column":1}},"locations":[{"start":{"line":444,"column":7},"end":{"line":470,"column":1}}]},"40":{"type":"branch","line":446,"loc":{"start":{"line":446,"column":24},"end":{"line":446,"column":37}},"locations":[{"start":{"line":446,"column":24},"end":{"line":446,"column":37}}]},"41":{"type":"branch","line":450,"loc":{"start":{"line":450,"column":12},"end":{"line":450,"column":25}},"locations":[{"start":{"line":450,"column":12},"end":{"line":450,"column":25}}]},"42":{"type":"branch","line":453,"loc":{"start":{"line":453,"column":23},"end":{"line":453,"column":36}},"locations":[{"start":{"line":453,"column":23},"end":{"line":453,"column":36}}]},"43":{"type":"branch","line":453,"loc":{"start":{"line":453,"column":42},"end":{"line":467,"column":37}},"locations":[{"start":{"line":453,"column":42},"end":{"line":467,"column":37}}]},"44":{"type":"branch","line":467,"loc":{"start":{"line":467,"column":29},"end":{"line":467,"column":42}},"locations":[{"start":{"line":467,"column":29},"end":{"line":467,"column":42}}]},"45":{"type":"branch","line":445,"loc":{"start":{"line":445,"column":46},"end":{"line":445,"column":70}},"locations":[{"start":{"line":445,"column":46},"end":{"line":445,"column":70}}]},"46":{"type":"branch","line":475,"loc":{"start":{"line":475,"column":7},"end":{"line":477,"column":1}},"locations":[{"start":{"line":475,"column":7},"end":{"line":477,"column":1}}]},"47":{"type":"branch","line":482,"loc":{"start":{"line":482,"column":7},"end":{"line":519,"column":1}},"locations":[{"start":{"line":482,"column":7},"end":{"line":519,"column":1}}]},"48":{"type":"branch","line":495,"loc":{"start":{"line":495,"column":36},"end":{"line":516,"column":3}},"locations":[{"start":{"line":495,"column":36},"end":{"line":516,"column":3}}]},"49":{"type":"branch","line":497,"loc":{"start":{"line":497,"column":14},"end":{"line":497,"column":23}},"locations":[{"start":{"line":497,"column":14},"end":{"line":497,"column":23}}]},"50":{"type":"branch","line":497,"loc":{"start":{"line":497,"column":14},"end":{"line":500,"column":24}},"locations":[{"start":{"line":497,"column":14},"end":{"line":500,"column":24}}]},"51":{"type":"branch","line":500,"loc":{"start":{"line":500,"column":15},"end":{"line":500,"column":24}},"locations":[{"start":{"line":500,"column":15},"end":{"line":500,"column":24}}]},"52":{"type":"branch","line":500,"loc":{"start":{"line":500,"column":15},"end":{"line":503,"column":28}},"locations":[{"start":{"line":500,"column":15},"end":{"line":503,"column":28}}]},"53":{"type":"branch","line":503,"loc":{"start":{"line":503,"column":28},"end":{"line":503,"column":37}},"locations":[{"start":{"line":503,"column":28},"end":{"line":503,"column":37}}]},"54":{"type":"branch","line":503,"loc":{"start":{"line":503,"column":28},"end":{"line":516,"column":3}},"locations":[{"start":{"line":503,"column":28},"end":{"line":516,"column":3}}]},"55":{"type":"branch","line":511,"loc":{"start":{"line":511,"column":14},"end":{"line":511,"column":33}},"locations":[{"start":{"line":511,"column":14},"end":{"line":511,"column":33}}]},"56":{"type":"branch","line":499,"loc":{"start":{"line":499,"column":38},"end":{"line":499,"column":58}},"locations":[{"start":{"line":499,"column":38},"end":{"line":499,"column":58}}]},"57":{"type":"branch","line":525,"loc":{"start":{"line":525,"column":7},"end":{"line":550,"column":1}},"locations":[{"start":{"line":525,"column":7},"end":{"line":550,"column":1}}]},"58":{"type":"branch","line":528,"loc":{"start":{"line":528,"column":40},"end":{"line":547,"column":3}},"locations":[{"start":{"line":528,"column":40},"end":{"line":547,"column":3}}]},"59":{"type":"branch","line":530,"loc":{"start":{"line":530,"column":32},"end":{"line":530,"column":47}},"locations":[{"start":{"line":530,"column":32},"end":{"line":530,"column":47}}]},"60":{"type":"branch","line":531,"loc":{"start":{"line":531,"column":27},"end":{"line":538,"column":7}},"locations":[{"start":{"line":531,"column":27},"end":{"line":538,"column":7}}]},"61":{"type":"branch","line":541,"loc":{"start":{"line":541,"column":16},"end":{"line":541,"column":76}},"locations":[{"start":{"line":541,"column":16},"end":{"line":541,"column":76}}]},"62":{"type":"branch","line":541,"loc":{"start":{"line":541,"column":76},"end":{"line":545,"column":7}},"locations":[{"start":{"line":541,"column":76},"end":{"line":545,"column":7}}]},"63":{"type":"branch","line":555,"loc":{"start":{"line":555,"column":7},"end":{"line":576,"column":1}},"locations":[{"start":{"line":555,"column":7},"end":{"line":576,"column":1}}]},"64":{"type":"branch","line":559,"loc":{"start":{"line":559,"column":15},"end":{"line":559,"column":28}},"locations":[{"start":{"line":559,"column":15},"end":{"line":559,"column":28}}]},"65":{"type":"branch","line":559,"loc":{"start":{"line":559,"column":22},"end":{"line":562,"column":23}},"locations":[{"start":{"line":559,"column":22},"end":{"line":562,"column":23}}]},"66":{"type":"branch","line":562,"loc":{"start":{"line":562,"column":16},"end":{"line":562,"column":29}},"locations":[{"start":{"line":562,"column":16},"end":{"line":562,"column":29}}]},"67":{"type":"branch","line":562,"loc":{"start":{"line":562,"column":23},"end":{"line":565,"column":35}},"locations":[{"start":{"line":562,"column":23},"end":{"line":565,"column":35}}]},"68":{"type":"branch","line":565,"loc":{"start":{"line":565,"column":35},"end":{"line":565,"column":48}},"locations":[{"start":{"line":565,"column":35},"end":{"line":565,"column":48}}]},"69":{"type":"branch","line":565,"loc":{"start":{"line":565,"column":42},"end":{"line":573,"column":30}},"locations":[{"start":{"line":565,"column":42},"end":{"line":573,"column":30}}]},"70":{"type":"branch","line":561,"loc":{"start":{"line":561,"column":39},"end":{"line":561,"column":62}},"locations":[{"start":{"line":561,"column":39},"end":{"line":561,"column":62}}]},"71":{"type":"branch","line":587,"loc":{"start":{"line":587,"column":7},"end":{"line":635,"column":1}},"locations":[{"start":{"line":587,"column":7},"end":{"line":635,"column":1}}]},"72":{"type":"branch","line":596,"loc":{"start":{"line":596,"column":17},"end":{"line":596,"column":31}},"locations":[{"start":{"line":596,"column":17},"end":{"line":596,"column":31}}]},"73":{"type":"branch","line":597,"loc":{"start":{"line":597,"column":22},"end":{"line":597,"column":36}},"locations":[{"start":{"line":597,"column":22},"end":{"line":597,"column":36}}]},"74":{"type":"branch","line":598,"loc":{"start":{"line":598,"column":20},"end":{"line":598,"column":33}},"locations":[{"start":{"line":598,"column":20},"end":{"line":598,"column":33}}]},"75":{"type":"branch","line":607,"loc":{"start":{"line":607,"column":30},"end":{"line":607,"column":50}},"locations":[{"start":{"line":607,"column":30},"end":{"line":607,"column":50}}]},"76":{"type":"branch","line":617,"loc":{"start":{"line":617,"column":40},"end":{"line":632,"column":3}},"locations":[{"start":{"line":617,"column":40},"end":{"line":632,"column":3}}]},"77":{"type":"branch","line":618,"loc":{"start":{"line":618,"column":32},"end":{"line":618,"column":47}},"locations":[{"start":{"line":618,"column":32},"end":{"line":618,"column":47}}]},"78":{"type":"branch","line":619,"loc":{"start":{"line":619,"column":16},"end":{"line":619,"column":50}},"locations":[{"start":{"line":619,"column":16},"end":{"line":619,"column":50}}]},"79":{"type":"branch","line":619,"loc":{"start":{"line":619,"column":50},"end":{"line":621,"column":7}},"locations":[{"start":{"line":619,"column":50},"end":{"line":621,"column":7}}]},"80":{"type":"branch","line":622,"loc":{"start":{"line":622,"column":16},"end":{"line":622,"column":52}},"locations":[{"start":{"line":622,"column":16},"end":{"line":622,"column":52}}]},"81":{"type":"branch","line":622,"loc":{"start":{"line":622,"column":52},"end":{"line":624,"column":7}},"locations":[{"start":{"line":622,"column":52},"end":{"line":624,"column":7}}]},"82":{"type":"branch","line":625,"loc":{"start":{"line":625,"column":16},"end":{"line":625,"column":62}},"locations":[{"start":{"line":625,"column":16},"end":{"line":625,"column":62}}]},"83":{"type":"branch","line":625,"loc":{"start":{"line":625,"column":62},"end":{"line":630,"column":7}},"locations":[{"start":{"line":625,"column":62},"end":{"line":630,"column":7}}]}},"b":{"0":[2],"1":[0],"2":[0],"3":[0],"4":[1],"5":[0],"6":[1],"7":[1],"8":[2],"9":[0],"10":[2],"11":[0],"12":[1],"13":[1],"14":[0],"15":[0],"16":[0],"17":[1],"18":[1],"19":[0],"20":[0],"21":[0],"22":[0],"23":[0],"24":[0],"25":[0],"26":[0],"27":[3],"28":[0],"29":[0],"30":[1],"31":[1],"32":[2],"33":[0],"34":[1],"35":[0],"36":[0],"37":[2],"38":[4],"39":[2],"40":[0],"41":[0],"42":[0],"43":[1],"44":[0],"45":[2],"46":[3],"47":[3],"48":[18],"49":[17],"50":[1],"51":[0],"52":[1],"53":[0],"54":[1],"55":[0],"56":[1],"57":[3],"58":[2],"59":[0],"60":[1],"61":[1],"62":[1],"63":[4],"64":[3],"65":[1],"66":[0],"67":[1],"68":[0],"69":[1],"70":[1],"71":[3],"72":[0],"73":[2],"74":[2],"75":[2],"76":[2],"77":[0],"78":[0],"79":[0],"80":[0],"81":[0],"82":[0],"83":[0]},"fnMap":{"0":{"name":"getGoldIncome","decl":{"start":{"line":7,"column":7},"end":{"line":20,"column":1}},"loc":{"start":{"line":7,"column":7},"end":{"line":20,"column":1}},"line":7},"1":{"name":"applyIdle","decl":{"start":{"line":22,"column":7},"end":{"line":26,"column":1}},"loc":{"start":{"line":22,"column":7},"end":{"line":26,"column":1}},"line":22},"2":{"name":"calculateItemStat","decl":{"start":{"line":48,"column":7},"end":{"line":70,"column":1}},"loc":{"start":{"line":48,"column":7},"end":{"line":70,"column":1}},"line":48},"3":{"name":"getItemStats","decl":{"start":{"line":78,"column":7},"end":{"line":98,"column":1}},"loc":{"start":{"line":78,"column":7},"end":{"line":98,"column":1}},"line":78},"4":{"name":"calculateUpgradeCost","decl":{"start":{"line":108,"column":7},"end":{"line":122,"column":1}},"loc":{"start":{"line":108,"column":7},"end":{"line":122,"column":1}},"line":108},"5":{"name":"isItemEquipped","decl":{"start":{"line":127,"column":7},"end":{"line":130,"column":1}},"loc":{"start":{"line":127,"column":7},"end":{"line":130,"column":1}},"line":127},"6":{"name":"addItem","decl":{"start":{"line":161,"column":7},"end":{"line":178,"column":1}},"loc":{"start":{"line":161,"column":7},"end":{"line":178,"column":1}},"line":161},"7":{"name":"consumeInventoryItem","decl":{"start":{"line":180,"column":0},"end":{"line":198,"column":1}},"loc":{"start":{"line":180,"column":0},"end":{"line":198,"column":1}},"line":180},"8":{"name":"usePotion","decl":{"start":{"line":200,"column":7},"end":{"line":375,"column":1}},"loc":{"start":{"line":200,"column":7},"end":{"line":375,"column":1}},"line":200},"9":{"name":"sellItem","decl":{"start":{"line":377,"column":7},"end":{"line":392,"column":1}},"loc":{"start":{"line":377,"column":7},"end":{"line":392,"column":1}},"line":377},"10":{"name":"equipItem","decl":{"start":{"line":394,"column":7},"end":{"line":438,"column":1}},"loc":{"start":{"line":394,"column":7},"end":{"line":438,"column":1}},"line":394},"11":{"name":"upgradeItem","decl":{"start":{"line":444,"column":7},"end":{"line":470,"column":1}},"loc":{"start":{"line":444,"column":7},"end":{"line":470,"column":1}},"line":444},"12":{"name":"getBaseStats","decl":{"start":{"line":475,"column":7},"end":{"line":477,"column":1}},"loc":{"start":{"line":475,"column":7},"end":{"line":477,"column":1}},"line":475},"13":{"name":"getEquipmentStats","decl":{"start":{"line":482,"column":7},"end":{"line":519,"column":1}},"loc":{"start":{"line":482,"column":7},"end":{"line":519,"column":1}},"line":482},"14":{"name":"getUpgradeStats","decl":{"start":{"line":525,"column":7},"end":{"line":550,"column":1}},"loc":{"start":{"line":525,"column":7},"end":{"line":550,"column":1}},"line":525},"15":{"name":"getPetStats","decl":{"start":{"line":555,"column":7},"end":{"line":576,"column":1}},"loc":{"start":{"line":555,"column":7},"end":{"line":576,"column":1}},"line":555},"16":{"name":"getTotalStats","decl":{"start":{"line":587,"column":7},"end":{"line":635,"column":1}},"loc":{"start":{"line":587,"column":7},"end":{"line":635,"column":1}},"line":587}},"f":{"0":2,"1":1,"2":2,"3":0,"4":2,"5":0,"6":1,"7":1,"8":1,"9":0,"10":3,"11":2,"12":3,"13":3,"14":3,"15":4,"16":3}}
,"/home/memekyu/code/lifeupidleextension/src/game/items.ts": {"path":"/home/memekyu/code/lifeupidleextension/src/game/items.ts","all":false,"statementMap":{"0":{"start":{"line":1,"column":0},"end":{"line":1,"column":35}},"3":{"start":{"line":4,"column":0},"end":{"line":4,"column":64}},"5":{"start":{"line":6,"column":0},"end":{"line":6,"column":12}},"6":{"start":{"line":7,"column":0},"end":{"line":7,"column":18}},"7":{"start":{"line":8,"column":0},"end":{"line":8,"column":24}},"8":{"start":{"line":9,"column":0},"end":{"line":9,"column":19}},"9":{"start":{"line":10,"column":0},"end":{"line":10,"column":21}},"10":{"start":{"line":11,"column":0},"end":{"line":11,"column":25}},"11":{"start":{"line":12,"column":0},"end":{"line":12,"column":18}},"12":{"start":{"line":13,"column":0},"end":{"line":13,"column":4}},"14":{"start":{"line":15,"column":0},"end":{"line":15,"column":13}},"15":{"start":{"line":16,"column":0},"end":{"line":16,"column":19}},"16":{"start":{"line":17,"column":0},"end":{"line":17,"column":24}},"17":{"start":{"line":18,"column":0},"end":{"line":18,"column":19}},"18":{"start":{"line":19,"column":0},"end":{"line":19,"column":19}},"19":{"start":{"line":20,"column":0},"end":{"line":20,"column":37}},"20":{"start":{"line":21,"column":0},"end":{"line":21,"column":18}},"21":{"start":{"line":22,"column":0},"end":{"line":22,"column":4}},"23":{"start":{"line":24,"column":0},"end":{"line":24,"column":15}},"24":{"start":{"line":25,"column":0},"end":{"line":25,"column":21}},"25":{"start":{"line":26,"column":0},"end":{"line":26,"column":22}},"26":{"start":{"line":27,"column":0},"end":{"line":27,"column":19}},"27":{"start":{"line":28,"column":0},"end":{"line":28,"column":19}},"28":{"start":{"line":29,"column":0},"end":{"line":29,"column":39}},"29":{"start":{"line":30,"column":0},"end":{"line":30,"column":19}},"30":{"start":{"line":31,"column":0},"end":{"line":31,"column":4}},"32":{"start":{"line":33,"column":0},"end":{"line":33,"column":14}},"33":{"start":{"line":34,"column":0},"end":{"line":34,"column":20}},"34":{"start":{"line":35,"column":0},"end":{"line":35,"column":22}},"35":{"start":{"line":36,"column":0},"end":{"line":36,"column":19}},"36":{"start":{"line":37,"column":0},"end":{"line":37,"column":24}},"37":{"start":{"line":38,"column":0},"end":{"line":38,"column":26}},"38":{"start":{"line":39,"column":0},"end":{"line":39,"column":19}},"39":{"start":{"line":40,"column":0},"end":{"line":40,"column":4}},"41":{"start":{"line":42,"column":0},"end":{"line":42,"column":14}},"42":{"start":{"line":43,"column":0},"end":{"line":43,"column":20}},"43":{"start":{"line":44,"column":0},"end":{"line":44,"column":22}},"44":{"start":{"line":45,"column":0},"end":{"line":45,"column":19}},"45":{"start":{"line":46,"column":0},"end":{"line":46,"column":21}},"46":{"start":{"line":47,"column":0},"end":{"line":47,"column":43}},"47":{"start":{"line":48,"column":0},"end":{"line":48,"column":19}},"48":{"start":{"line":49,"column":0},"end":{"line":49,"column":4}},"51":{"start":{"line":52,"column":0},"end":{"line":52,"column":12}},"52":{"start":{"line":53,"column":0},"end":{"line":53,"column":18}},"53":{"start":{"line":54,"column":0},"end":{"line":54,"column":24}},"54":{"start":{"line":55,"column":0},"end":{"line":55,"column":18}},"55":{"start":{"line":56,"column":0},"end":{"line":56,"column":21}},"56":{"start":{"line":57,"column":0},"end":{"line":57,"column":26}},"57":{"start":{"line":58,"column":0},"end":{"line":58,"column":18}},"58":{"start":{"line":59,"column":0},"end":{"line":59,"column":4}},"60":{"start":{"line":61,"column":0},"end":{"line":61,"column":13}},"61":{"start":{"line":62,"column":0},"end":{"line":62,"column":19}},"62":{"start":{"line":63,"column":0},"end":{"line":63,"column":26}},"63":{"start":{"line":64,"column":0},"end":{"line":64,"column":18}},"64":{"start":{"line":65,"column":0},"end":{"line":65,"column":19}},"65":{"start":{"line":66,"column":0},"end":{"line":66,"column":26}},"66":{"start":{"line":67,"column":0},"end":{"line":67,"column":18}},"67":{"start":{"line":68,"column":0},"end":{"line":68,"column":4}},"69":{"start":{"line":70,"column":0},"end":{"line":70,"column":16}},"70":{"start":{"line":71,"column":0},"end":{"line":71,"column":22}},"71":{"start":{"line":72,"column":0},"end":{"line":72,"column":24}},"72":{"start":{"line":73,"column":0},"end":{"line":73,"column":18}},"73":{"start":{"line":74,"column":0},"end":{"line":74,"column":19}},"74":{"start":{"line":75,"column":0},"end":{"line":75,"column":27}},"75":{"start":{"line":76,"column":0},"end":{"line":76,"column":19}},"76":{"start":{"line":77,"column":0},"end":{"line":77,"column":4}},"78":{"start":{"line":79,"column":0},"end":{"line":79,"column":20}},"79":{"start":{"line":80,"column":0},"end":{"line":80,"column":26}},"80":{"start":{"line":81,"column":0},"end":{"line":81,"column":28}},"81":{"start":{"line":82,"column":0},"end":{"line":82,"column":18}},"82":{"start":{"line":83,"column":0},"end":{"line":83,"column":24}},"83":{"start":{"line":84,"column":0},"end":{"line":84,"column":44}},"84":{"start":{"line":85,"column":0},"end":{"line":85,"column":19}},"85":{"start":{"line":86,"column":0},"end":{"line":86,"column":4}},"87":{"start":{"line":88,"column":0},"end":{"line":88,"column":15}},"88":{"start":{"line":89,"column":0},"end":{"line":89,"column":21}},"89":{"start":{"line":90,"column":0},"end":{"line":90,"column":23}},"90":{"start":{"line":91,"column":0},"end":{"line":91,"column":18}},"91":{"start":{"line":92,"column":0},"end":{"line":92,"column":21}},"92":{"start":{"line":93,"column":0},"end":{"line":93,"column":44}},"93":{"start":{"line":94,"column":0},"end":{"line":94,"column":19}},"94":{"start":{"line":95,"column":0},"end":{"line":95,"column":4}},"97":{"start":{"line":98,"column":0},"end":{"line":98,"column":11}},"98":{"start":{"line":99,"column":0},"end":{"line":99,"column":17}},"99":{"start":{"line":100,"column":0},"end":{"line":100,"column":21}},"100":{"start":{"line":101,"column":0},"end":{"line":101,"column":22}},"101":{"start":{"line":102,"column":0},"end":{"line":102,"column":21}},"102":{"start":{"line":103,"column":0},"end":{"line":103,"column":25}},"103":{"start":{"line":104,"column":0},"end":{"line":104,"column":18}},"104":{"start":{"line":105,"column":0},"end":{"line":105,"column":4}},"106":{"start":{"line":107,"column":0},"end":{"line":107,"column":13}},"107":{"start":{"line":108,"column":0},"end":{"line":108,"column":19}},"108":{"start":{"line":109,"column":0},"end":{"line":109,"column":27}},"109":
[...]
column":48}},"12":{"start":{"line":13,"column":0},"end":{"line":13,"column":42}},"13":{"start":{"line":14,"column":0},"end":{"line":14,"column":10}},"14":{"start":{"line":15,"column":0},"end":{"line":15,"column":72}},"15":{"start":{"line":16,"column":0},"end":{"line":16,"column":46}},"16":{"start":{"line":17,"column":0},"end":{"line":17,"column":28}},"17":{"start":{"line":18,"column":0},"end":{"line":18,"column":6}},"18":{"start":{"line":19,"column":0},"end":{"line":19,"column":34}},"19":{"start":{"line":20,"column":0},"end":{"line":20,"column":24}},"20":{"start":{"line":21,"column":0},"end":{"line":21,"column":6}},"21":{"start":{"line":22,"column":0},"end":{"line":22,"column":18}},"22":{"start":{"line":23,"column":0},"end":{"line":23,"column":20}},"23":{"start":{"line":24,"column":0},"end":{"line":24,"column":6}},"24":{"start":{"line":25,"column":0},"end":{"line":25,"column":4}},"25":{"start":{"line":26,"column":0},"end":{"line":26,"column":1}},"27":{"start":{"line":28,"column":0},"end":{"line":28,"column":27}},"28":{"start":{"line":29,"column":0},"end":{"line":29,"column":20}},"29":{"start":{"line":30,"column":0},"end":{"line":30,"column":25}},"30":{"start":{"line":31,"column":0},"end":{"line":31,"column":54}},"31":{"start":{"line":32,"column":0},"end":{"line":32,"column":55}},"32":{"start":{"line":33,"column":0},"end":{"line":33,"column":25}},"33":{"start":{"line":34,"column":0},"end":{"line":34,"column":30}},"34":{"start":{"line":35,"column":0},"end":{"line":35,"column":7}},"35":{"start":{"line":36,"column":0},"end":{"line":36,"column":5}},"37":{"start":{"line":38,"column":0},"end":{"line":38,"column":61}},"38":{"start":{"line":39,"column":0},"end":{"line":39,"column":34}},"39":{"start":{"line":40,"column":0},"end":{"line":40,"column":47}},"41":{"start":{"line":42,"column":0},"end":{"line":42,"column":59}},"42":{"start":{"line":43,"column":0},"end":{"line":43,"column":16}},"44":{"start":{"line":45,"column":0},"end":{"line":45,"column":50}},"45":{"start":{"line":46,"column":0},"end":{"line":46,"column":31}},"47":{"start":{"line":48,"column":0},"end":{"line":48,"column":36}},"48":{"start":{"line":49,"column":0},"end":{"line":49,"column":45}},"49":{"start":{"line":50,"column":0},"end":{"line":50,"column":61}},"50":{"start":{"line":51,"column":0},"end":{"line":51,"column":5}},"52":{"start":{"line":53,"column":0},"end":{"line":53,"column":68}},"53":{"start":{"line":54,"column":0},"end":{"line":54,"column":25}},"54":{"start":{"line":55,"column":0},"end":{"line":55,"column":37}},"55":{"start":{"line":56,"column":0},"end":{"line":56,"column":33}},"56":{"start":{"line":57,"column":0},"end":{"line":57,"column":42}},"57":{"start":{"line":58,"column":0},"end":{"line":58,"column":9}},"58":{"start":{"line":59,"column":0},"end":{"line":59,"column":77}},"60":{"start":{"line":61,"column":0},"end":{"line":61,"column":59}},"62":{"start":{"line":63,"column":0},"end":{"line":63,"column":44}},"63":{"start":{"line":64,"column":0},"end":{"line":64,"column":42}},"64":{"start":{"line":65,"column":0},"end":{"line":65,"column":40}},"65":{"start":{"line":66,"column":0},"end":{"line":66,"column":5}},"67":{"start":{"line":68,"column":0},"end":{"line":68,"column":54}},"68":{"start":{"line":69,"column":0},"end":{"line":69,"column":30}},"69":{"start":{"line":70,"column":0},"end":{"line":70,"column":5}},"71":{"start":{"line":72,"column":0},"end":{"line":72,"column":74}},"72":{"start":{"line":73,"column":0},"end":{"line":73,"column":34}},"73":{"start":{"line":74,"column":0},"end":{"line":74,"column":47}},"75":{"start":{"line":76,"column":0},"end":{"line":76,"column":21}},"76":{"start":{"line":77,"column":0},"end":{"line":77,"column":13}},"77":{"start":{"line":78,"column":0},"end":{"line":78,"column":19}},"78":{"start":{"line":79,"column":0},"end":{"line":79,"column":22}},"79":{"start":{"line":80,"column":0},"end":{"line":80,"column":8}},"80":{"start":{"line":81,"column":0},"end":{"line":81,"column":18}},"81":{"start":{"line":82,"column":0},"end":{"line":82,"column":17}},"82":{"start":{"line":83,"column":0},"end":{"line":83,"column":8}},"83":{"start":{"line":84,"column":0},"end":{"line":84,"column":15}},"84":{"start":{"line":85,"column":0},"end":{"line":85,"column":22}},"85":{"start":{"line":86,"column":0},"end":{"line":86,"column":20}},"86":{"start":{"line":87,"column":0},"end":{"line":87,"column":23}},"87":{"start":{"line":88,"column":0},"end":{"line":88,"column":12}},"88":{"start":{"line":89,"column":0},"end":{"line":89,"column":19}},"89":{"start":{"line":90,"column":0},"end":{"line":90,"column":24}},"90":{"start":{"line":91,"column":0},"end":{"line":91,"column":12}},"91":{"start":{"line":92,"column":0},"end":{"line":92,"column":10}},"92":{"start":{"line":93,"column":0},"end":{"line":93,"column":8}},"93":{"start":{"line":94,"column":0},"end":{"line":94,"column":6}},"95":{"start":{"line":96,"column":0},"end":{"line":96,"column":63}},"96":{"start":{"line":97,"column":0},"end":{"line":97,"column":26}},"98":{"start":{"line":99,"column":0},"end":{"line":99,"column":34}},"99":{"start":{"line":100,"column":0},"end":{"line":100,"column":44}},"100":{"start":{"line":101,"column":0},"end":{"line":101,"column":69}},"101":{"start":{"line":102,"column":0},"end":{"line":102,"column":63}},"102":{"start":{"line":103,"column":0},"end":{"line":103,"column":62}},"103":{"start":{"line":104,"column":0},"end":{"line":104,"column":56}},"104":{"start":{"line":105,"column":0},"end":{"line":105,"column":6}},"105":{"start":{"line":106,"column":0},"end":{"line":106,"column":65}},"106":{"start":{"line":107,"column":0},"end":{"line":107,"column":46}},"107":{"start":{"line":108,"column":0},"end":{"line":108,"column":5}},"108":{"start":{"line":109,"column":0},"end":{"line":109,"column":3}}},"s":{"0":1,"1":1,"2":1,"11":4,"12":4,"13":4,"14":4,"15":4,"16":2,"17":2,"18":4,"19":0,"20":0,"21":4,"22":0,"23":0,"24":4,"25":4,"27":1,"28":1,"29":4,"30":4,"31":4,"32":4,"33":4,"34":4,"35":1,"37":1,"38":1,"39":1,"41":1,"42":1,"44":1,"45":1,"47":1,"48":1,"49":1,"50":1,"52":1,"53":1,"54":1,"55":1,"56":1,"57":1,"58":1,"60":1,"62":1,"63":1,"64":1,"65":1,"67":1,"68":1,"69":1,"71":1,"72":1,"73":1,"75":1,"76":1,"77":1,"78":1,"79":1,"80":1,"81":1,"82":1,"83":1,"84":1,"85":1,"86":1,"87":1,"88":1,"89":1,"90":1,"91":1,"92":1,"93":1,"95":1,"96":1,"98":1,"99":1,"100":1,"101":1,"102":1,"103":1,"104":1,"105":1,"106":1,"107":1,"108":1},"branchMap":{"0":{"type":"branch","line":12,"loc":{"start":{"line":12,"column":0},"end":{"line":26,"column":1}},"locations":[{"start":{"line":12,"column":0},"end":{"line":26,"column":1}}]},"1":{"type":"branch","line":15,"loc":{"start":{"line":15,"column":13},"end":{"line":15,"column":72}},"locations":[{"start":{"line":15,"column":13},"end":{"line":15,"column":72}}]},"2":{"type":"branch","line":15,"loc":{"start":{"line":15,"column":44},"end":{"line":15,"column":66}},"locations":[{"start":{"line":15,"column":44},"end":{"line":15,"column":66}}]},"3":{"type":"branch","line":15,"loc":{"start":{"line":15,"column":61},"end":{"line":15,"column":72}},"locations":[{"start":{"line":15,"column":61},"end":{"line":15,"column":72}}]},"4":{"type":"branch","line":16,"loc":{"start":{"line":16,"column":13},"end":{"line":18,"column":6}},"locations":[{"start":{"line":16,"column":13},"end":{"line":18,"column":6}}]},"5":{"type":"branch","line":28,"loc":{"start":{"line":28,"column":20},"end":{"line":109,"column":3}},"locations":[{"start":{"line":28,"column":20},"end":{"line":109,"column":3}}]},"6":{"type":"branch","line":29,"loc":{"start":{"line":29,"column":13},"end":{"line":36,"column":3}},"locations":[{"start":{"line":29,"column":13},"end":{"line":36,"column":3}}]},"7":{"type":"branch","line":38,"loc":{"start":{"line":38,"column":54},"end":{"line":51,"column":3}},"locations":[{"start":{"line":38,"column":54},"end":{"line":51,"column":3}}]},"8":{"type":"branch","line":53,"loc":{"start":{"line":53,"column":61},"end":{"line":66,"column":3}},"locations":[{"start":{"line":53,"column":61},"end":{"line":66,"column":3}}]},"9":{"type":"branch","line":56,"loc":{"start":{"line":56,"column":26},"end":{"line":58,"column":7}},"locations":[{"start":{"line":56,"column":26},"end":{"line":58,"column":7}}]},"10":{"type":"branch","line":59,"loc":{"start":{"line":59,"column":67},"end":{"line":59,"column":75}},"locations":[{"start":{"line":59,"column":67},"end":{"line":59,"column":75}}]},"11":{"type":"branch","line":63,"loc":{"start":{"line":63,"column":11},"end":{"line":63,"column":28}},"locations":[{"start":{"line":63,"column":11},"end":{"line":63,"column":28}}]},"12":{"type":"branch","line":68,"loc":{"start":{"line":68,"column":47},"end":{"line":70,"column":3}},"locations":[{"start":{"line":68,"column":47},"end":{"line":70,"column":3}}]},"13":{"type":"branch","line":72,"loc":{"start":{"line":72,"column":67},"end":{"line":108,"column":3}},"locations":[{"start":{"line":72,"column":67},"end":{"line":108,"column":3}}]}},"b":{"0":[4],"1":[3],"2":[2],"3":[1],"4":[2],"5":[1],"6":[4],"7":[1],"8":[1],"9":[1],"10":[1],"11":[1],"12":[1],"13":[1]},"fnMap":{"0":{"name":"createLocalStorageMock","decl":{"start":{"line":12,"column":0},"end":{"line":26,"column":1}},"loc":{"start":{"line":12,"column":0},"end":{"line":26,"column":1}},"line":12},"1":{"name":"getItem","decl":{"start":{"line":15,"column":13},"end":{"line":15,"column":72}},"loc":{"start":{"line":15,"column":13},"end":{"line":15,"column":72}},"line":15},"2":{"name":"setItem","decl":{"start":{"line":16,"column":13},"end":{"line":18,"column":6}},"loc":{"start":{"line":16,"column":13},"end":{"line":18,"column":6}},"line":16},"3":{"name":"removeItem","decl":{"start":{"line":19,"column":16},"end":{"line":21,"column":6}},"loc":{"start":{"line":19,"column":16},"end":{"line":21,"column":6}},"line":19},"4":{"name":"clear","decl":{"start":{"line":22,"column":11},"end":{"line":24,"column":6}},"loc":{"start":{"line":22,"column":11},"end":{"line":24,"column":6}},"line":22}},"f":{"0":4,"1":3,"2":2,"3":0,"4":0}}
,"/home/memekyu/code/lifeupidleextension/src/game/storage.ts": {"path":"/home/memekyu/code/lifeupidleextension/src/game/storage.ts","all":false,"statementMap":{"0":{"start":{"line":1,"column":0},"end":{"line":1,"column":41}},"3":{"start":{"line":4,"column":0},"end":{"line":4,"column":24}},"5":{"start":{"line":6,"column":0},"end":{"line":6,"column":46}},"6":{"start":{"line":7,"column":0},"end":{"line":7,"column":7}},"8":{"start":{"line":9,"column":0},"end":{"line":9,"column":36}},"9":{"start":{"line":10,"column":0},"end":{"line":10,"column":15}},"10":{"start":{"line":11,"column":0},"end":{"line":11,"column":13}},"11":{"start":{"line":12,"column":0},"end":{"line":12,"column":22}},"12":{"start":{"line":13,"column":0},"end":{"line":13,"column":31}},"13":{"start":{"line":14,"column":0},"end":{"line":14,"column":8}},"14":{"start":{"line":15,"column":0},"end":{"line":15,"column":6}},"15":{"start":{"line":16,"column":0},"end":{"line":16,"column":45}},"16":{"start":{"line":17,"column":0},"end":{"line":17,"column":36}},"17":{"start":{"line":18,"column":0},"end":{"line":18,"column":15}},"18":{"start":{"line":19,"column":0},"end":{"line":19,"column":51}},"19":{"start":{"line":20,"column":0},"end":{"line":20,"column":3}},"20":{"start":{"line":21,"column":0},"end":{"line":21,"column":1}},"26":{"start":{"line":27,"column":0},"end":{"line":27,"column":51}},"28":{"start":{"line":29,"column":0},"end":{"line":29,"column":46}},"29":{"start":{"line":30,"column":0},"end":{"line":30,"column":41}},"30":{"start":{"line":31,"column":0},"end":{"line":31,"column":3}},"32":{"start":{"line":33,"column":0},"end":{"line":33,"column":54}},"38":{"start":{"line":39,"column":0},"end":{"line":39,"column":80}},"40":{"start":{"line":41,"column":0},"end":{"line":41,"column":8}},"41":{"start":{"line":42,"column":0},"end":{"line":42,"column":28}},"42":{"start":{"line":43,"column":0},"end":{"line":43,"column":39}},"43":{"start":{"line":44,"column":0},"end":{"line":44,"column":31}},"44":{"start":{"line":45,"column":0},"end":{"line":45,"column":7}},"45":{"start":{"line":46,"column":0},"end":{"line":46,"column":62}},"46":{"start":{"line":47,"column":0},"end":{"line":47,"column":5}},"49":{"start":{"line":50,"column":0},"end":{"line":50,"column":8}},"50":{"start":{"line":51,"column":0},"end":{"line":51,"column":27}},"51":{"start":{"line":52,"column":0},"end":{"line":52,"column":38}},"52":{"start":{"line":53,"column":0},"end":{"line":53,"column":30}},"53":{"start":{"line":54,"column":0},"end":{"line":54,"column":7}},"54":{"start":{"line":55,"column":0},"end":{"line":55,"column":24}},"55":{"start":{"line":56,"column":0},"end":{"line":56,"column":5}},"58":{"start":{"line":59,"column":0},"end":{"line":59,"column":62}},"59":{"start":{"line":60,"column":0},"end":{"line":60,"column":34}},"60":{"start":{"line":61,"column":0},"end":{"line":61,"column":68}},"61":{"start":{"line":62,"column":0},"end":{"line":62,"column":26}},"63":{"start":{"line":64,"column":0},"end":{"line":64,"column":72}},"64":{"start":{"line":65,"column":0},"end":{"line":65,"column":63}},"65":{"start":{"line":66,"column":0},"end":{"line":66,"column":14}},"67":{"start":{"line":68,"column":0},"end":{"line":68,"column":32}},"68":{"start":{"line":69,"column":0},"end":{"line":69,"column":7}},"69":{"start":{"line":70,"column":0},"end":{"line":70,"column":5}},"70":{"start":{"line":71,"column":0},"end":{"line":71,"column":18}},"71":{"start":{"line":72,"column":0},"end":{"line":72,"column":3}},"73":{"start":{"line":74,"column":0},"end":{"line":74,"column":75}},"75":{"start":{"line":76,"column":0},"end":{"line":76,"column":65}},"76":{"start":{"line":77,"column":0},"end":{"line":77,"column":63}},"77":{"start":{"line":78,"column":0},"end":{"line":78,"column":76}},"78":{"start":{"line":79,"column":0},"end":{"line":79,"column":58}},"79":{"start":{"line":80,"column":0},"end":{"line":80,"column":37}},"80":{"start":{"line":81,"column":0},"end":{"line":81,"column":3}},"81":{"start":{"line":82,"column":0},"end":{"line":82,"column":74}},"82":{"start":{"line":83,"column":0},"end":{"line":83,"column":56}},"83":{"start":{"line":84,"column":0},"end":{"line":84,"column":36}},"84":{"start":{"line":85,"column":0},"end":{"line":85,"column":3}},"87":{"start":{"line":88,"column":0},"end":{"line":88,"column":52}},"88":{"start":{"line":89,"column":0},"end":{"line":89,"column":40}},"90":{"start":{"line":91,"column":0},"end":{"line":91,"column":18}},"91":{"start":{"line":92,"column":0},"end":{"line":92,"column":1}},"93":{"start":{"line":94,"column":0},"end":{"line":94,"column":42}},"94":{"start":{"line":95,"column":0},"end":{"line":95,"column":40}},"95":{"start":{"line":96,"column":0},"end":{"line":96,"column":24}},"97":{"start":{"line":98,"column":0},"end":{"line":98,"column":33}},"98":{"start":{"line":99,"column":0},"end":{"line":99,"column":30}},"99":{"start":{"line":100,"column":0},"end":{"line":100,"column":1}}},"s":{"0":1,"3":1,"5":1,"6":2,"8":2,"9":2,"10":2,"11":2,"12":2,"13":2,"14":2,"15":2,"16":2,"17":2,"18":1,"19":1,"20":2,"26":1,"28":1,"29":0,"30":0,"32":1,"38":1,"40":12,"41":12,"42":12,"43":7,"44":12,"45":5,"46":5,"49":7,"50":7,"51":7,"52":7,"53":12,"54":0,"55":0,"58":7,"59":12,"60":11,"61":11,"63":11,"64":11,"65":11,"67":0,"68":0,"69":11,"70":7,"71":12,"73":1,"75":1,"76":1,"77":1,"78":0,"79":0,"80":0,"81":1,"82":0,"83":0,"84":0,"87":1,"88":1,"90":1,"91":1,"93":1,"94":2,"95":2,"97":1,"98":1,"99":1},"branchMap":{"0":{"type":"branch","line":6,"loc":{"start":{"line":6,"column":7},"end":{"line":21,"column":1}},"locations":[{"start":{"line":6,"column":7},"end":{"line":21,"column":1}}]},"1":{"type":"branch","line":18,"loc":{"start":{"line":18,"column":2},"end":{"line":20,"column":3}},"locations":[{"start":{"line":18,"column":2},"end":{"line":20,"column":3}}]},"2":{"type":"branch","line":27,"loc":{"start":{"line":27,"column":0},"end":{"line":92,"column":1}},"locations":[{"start":{"line":27,"column":0},"end":{"line":92,"column":1}}]},"3":{"type":"branch","line":29,"loc":{"start":{"line":29,"column":45},"end":{"line":31,"column":3}},"locations":[{"start":{"line":29,"column":45},"end":{"line":31,"column":3}}]},"4":{"type":"branch","line":78,"loc":{"start":{"line":78,"column":18},"end":{"line":78,"column":75}},"locations":[{"start":{"line":78,"column":18},"end":{"line":78,"column":75}}]},"5":{"type":"branch","line":78,"loc":{"start":{"line":78,"column":75},"end":{"line":81,"column":3}},"locations":[{"start":{"line":78,"column":75},"end":{"line":81,"column":3}}]},"6":{"type":"branch","line":82,"loc":{"start":{"line":82,"column":18},"end":{"line":82,"column":73}},"locations":[{"start":{"line":82,"column":18},"end":{"line":82,"column":73}}]},"7":{"type":"branch","line":82,"loc":{"start":{"line":82,"column":73},"end":{"line":85,"column":3}},"locations":[{"start":{"line":82,"column":73},"end":{"line":85,"column":3}}]},"8":{"type":"branch","line":39,"loc":{"start":{"line":39,"column":2},"end":{"line":72,"column":3}},"locations":[{"start":{"line":39,"column":2},"end":{"line":72,"column":3}}]},"9":{"type":"branch","line":43,"loc":{"start":{"line":43,"column":28},"end":{"line":44,"column":31}},"locations":[{"start":{"line":43,"column":28},"end":{"line":44,"column":31}}]},"10":{"type":"branch","line":45,"loc":{"start":{"line":45,"column":6},"end":{"line":47,"column":5}},"locations":[{"start":{"line":45,"column":6},"end":{"line":47,"column":5}}]},"11":{"type":"branch","line":46,"loc":{"start":{"line":46,"column":39},"end":{"line":46,"column":62}},"locations":[{"start":{"line":46,"column":39},"end":{"line":46,"column":62}}]},"12":{"type":"branch","line":47,"loc":{"start":{"line":47,"column":4},"end":{"line":52,"column":38}},"locations":[{"start":{"line":47,"column":4},"end":{"line":52,"column":38}}]},"13":{"type":"branch","line":52,"loc":{"start":{"line":52,"column":27},"end":{"line":53,"column":30}},"locations":[{"start":{"line":52,"column":27},"end":{"line":53,"column":30}}]},"14":{"type":"branch","line":54,"loc":{"start":{"line":54,"column":6},"end":{"line":56,"column":5}},"locations":[{"start":{"line":54,"column":6},"end":{"line":56,"column":5}}]},"15":{"type":"branch","line":56,"loc":{"start":{"line":56,"column":4},"end":{"line":60,"column":33}},"locations":[{"start":{"line":56,"column":4},"end":{"line":60,"column":33}}]},"16":{"type":"branch","line":60,"loc":{"start":{"line":60,"column":33},"end":{"line":70,"column":5}},"locations":[{"start":{"line":60,"column":33},"end":{"line":70,"column":5}}]},"17":{"type":"branch","line":66,"loc":{"start":{"line":66,"column":6},"end":{"line":69,"column":7}},"locations":[{"start":{"line":66,"column":6},"end":{"line":69,"column":7}}]},"18":{"type":"branch","line":70,"loc":{"start":{"line":70,"column":4},"end":{"line":71,"column":18}},"locations":[{"start":{"line":70,"column":4},"end":{"line":71,"column":18}}]},"19":{"type":"branch","line":94,"loc":{"start":{"line":94,"column":7},"end":{"line":100,"column":1}},"locations":[{"start":{"line":94,"column":7},"end":{"line":100,"column":1}}]},"20":{"type":"branch","line":96,"loc":{"start":{"line":96,"column":12},"end":{"line":100,"column":1}},"locations":[{"start":{"line":96,"column":12},"end":{"line":100,"column":1}}]}},"b":{"0":[2],"1":[1],"2":[1],"3":[0],"4":[0],"5":[0],"6":[0],"7":[0],"8":[12],"9":[7],"10":[5],"11":[0],"12":[7],"13":[7],"14":[0],"15":[7],"16":[11],"17":[0],"18":[7],"19":[2],"20":[1]},"fnMap":{"0":{"name":"save","decl":{"start":{"line":6,"column":7},"end":{"line":21,"column":1}},"loc":{"start":{"line":6,"column":7},"end":{"line":21,"column":1}},"line":6},"1":{"name":"migrateState","decl":{"start":{"line":27,"column":0},"end":{"line":92,"column":1}},"loc":{"start":{"line":27,"column":0},"end":{"line":92,"column":1}},"line":27},"2":{"name":"mergeWithDefaults","decl":{"start":{"line":39,"column":2},"end":{"line":72,"column":3}},"loc":{"start":{"line":39,"column":2},"end":{"line":72,"column":3}},"line":39},"3":{"name":"load","decl":{"start":{"line":94,"column":7},"end":{"line":100,"column":1}},"loc":{"start":{"line":94,"column":7},"end":{"line":100,"column":1}},"line":94}},"f":{"0":2,"1":1,"2":12,"3":2}}
}
